<?xml version="1.0" encoding="UTF-8"?>
<testsuite name="dominio.integracion.BibliotecarioTest" tests="2" skipped="0" failures="0" errors="0" timestamp="2017-09-28T13:34:57" hostname="ANDRES-CARRASQUILLA" time="0.223">
  <properties/>
  <testcase name="prestarLibroNoDisponibleTest" classname="dominio.integracion.BibliotecarioTest" time="0.114"/>
  <testcase name="prestarLibroTest" classname="dominio.integracion.BibliotecarioTest" time="0.109"/>
  <system-out><![CDATA[2771 [Test worker] DEBUG org.hibernate.jpa.HibernatePersistenceProvider  - Located and parsed 1 persistence units; checking each
2771 [Test worker] DEBUG org.hibernate.jpa.HibernatePersistenceProvider  - Located and parsed 1 persistence units; checking each
2771 [Test worker] DEBUG org.hibernate.jpa.HibernatePersistenceProvider  - Checking persistence-unit [name=biblioteca-pu-test, explicit-provider=null] against incoming persistence unit name [biblioteca-pu-test]
2771 [Test worker] DEBUG org.hibernate.jpa.HibernatePersistenceProvider  - Checking persistence-unit [name=biblioteca-pu-test, explicit-provider=null] against incoming persistence unit name [biblioteca-pu-test]
2771 [Test worker] DEBUG org.hibernate.jpa.boot.spi.ProviderChecker  - No PersistenceProvider explicitly requested, assuming Hibernate
2771 [Test worker] DEBUG org.hibernate.jpa.boot.spi.ProviderChecker  - No PersistenceProvider explicitly requested, assuming Hibernate
2771 [Test worker] DEBUG org.hibernate.jpa.internal.util.LogHelper  - PersistenceUnitInfo [
	name: biblioteca-pu-test
	persistence provider classname: null
	classloader: null
	excludeUnlistedClasses: false
	JTA datasource: null
	Non JTA datasource: null
	Transaction type: RESOURCE_LOCAL
	PU root URL: file:/D:/workspaces/examen-ingreso/biblioteca/build/resources/main/
	Shared Cache Mode: null
	Validation Mode: null
	Jar files URLs []
	Managed classes names [
		persistencia.entitad.LibroEntity
		persistencia.entitad.PrestamoEntity]
	Mapping files names []
	Properties [
		javax.persistence.jdbc.driver: org.h2.Driver
		javax.persistence.jdbc.url: jdbc:h2:mem:test
		hibernate.dialect: org.hibernate.dialect.H2Dialect
		hibernate.show_sql: true
		hibernate.hbm2ddl.auto: create]
2771 [Test worker] DEBUG org.hibernate.jpa.internal.util.LogHelper  - PersistenceUnitInfo [
	name: biblioteca-pu-test
	persistence provider classname: null
	classloader: null
	excludeUnlistedClasses: false
	JTA datasource: null
	Non JTA datasource: null
	Transaction type: RESOURCE_LOCAL
	PU root URL: file:/D:/workspaces/examen-ingreso/biblioteca/build/resources/main/
	Shared Cache Mode: null
	Validation Mode: null
	Jar files URLs []
	Managed classes names [
		persistencia.entitad.LibroEntity
		persistencia.entitad.PrestamoEntity]
	Mapping files names []
	Properties [
		javax.persistence.jdbc.driver: org.h2.Driver
		javax.persistence.jdbc.url: jdbc:h2:mem:test
		hibernate.dialect: org.hibernate.dialect.H2Dialect
		hibernate.show_sql: true
		hibernate.hbm2ddl.auto: create]
2771 [Test worker] DEBUG org.hibernate.integrator.internal.IntegratorServiceImpl  - Adding Integrator [org.hibernate.cfg.beanvalidation.BeanValidationIntegrator].
2771 [Test worker] DEBUG org.hibernate.integrator.internal.IntegratorServiceImpl  - Adding Integrator [org.hibernate.cfg.beanvalidation.BeanValidationIntegrator].
2771 [Test worker] DEBUG org.hibernate.integrator.internal.IntegratorServiceImpl  - Adding Integrator [org.hibernate.secure.spi.JaccIntegrator].
2771 [Test worker] DEBUG org.hibernate.integrator.internal.IntegratorServiceImpl  - Adding Integrator [org.hibernate.secure.spi.JaccIntegrator].
2771 [Test worker] DEBUG org.hibernate.integrator.internal.IntegratorServiceImpl  - Adding Integrator [org.hibernate.cache.internal.CollectionCacheInvalidator].
2771 [Test worker] DEBUG org.hibernate.integrator.internal.IntegratorServiceImpl  - Adding Integrator [org.hibernate.cache.internal.CollectionCacheInvalidator].
2771 [Test worker] DEBUG org.hibernate.integrator.internal.IntegratorServiceImpl  - Adding Integrator [org.hibernate.jpa.event.spi.JpaIntegrator].
2771 [Test worker] DEBUG org.hibernate.integrator.internal.IntegratorServiceImpl  - Adding Integrator [org.hibernate.jpa.event.spi.JpaIntegrator].
2771 [Test worker] DEBUG org.hibernate.service.spi.ServiceBinding  - Overriding existing service binding [org.hibernate.secure.spi.JaccService]
2771 [Test worker] DEBUG org.hibernate.service.spi.ServiceBinding  - Overriding existing service binding [org.hibernate.secure.spi.JaccService]
2771 [Test worker] DEBUG org.hibernate.cache.internal.RegionFactoryInitiator  - Cache region factory : org.hibernate.cache.internal.NoCachingRegionFactory
2771 [Test worker] DEBUG org.hibernate.cache.internal.RegionFactoryInitiator  - Cache region factory : org.hibernate.cache.internal.NoCachingRegionFactory
2787 [Test worker] DEBUG org.hibernate.type.BasicTypeRegistry  - Adding type registration boolean -> org.hibernate.type.BooleanType@3378000
2787 [Test worker] DEBUG org.hibernate.type.BasicTypeRegistry  - Adding type registration boolean -> org.hibernate.type.BooleanType@3378000
2787 [Test worker] DEBUG org.hibernate.type.BasicTypeRegistry  - Adding type registration boolean -> org.hibernate.type.BooleanType@3378000
2787 [Test worker] DEBUG org.hibernate.type.BasicTypeRegistry  - Adding type registration boolean -> org.hibernate.type.BooleanType@3378000
2787 [Test worker] DEBUG org.hibernate.type.BasicTypeRegistry  - Adding type registration java.lang.Boolean -> org.hibernate.type.BooleanType@3378000
2787 [Test worker] DEBUG org.hibernate.type.BasicTypeRegistry  - Adding type registration java.lang.Boolean -> org.hibernate.type.BooleanType@3378000
2787 [Test worker] DEBUG org.hibernate.type.BasicTypeRegistry  - Adding type registration numeric_boolean -> org.hibernate.type.NumericBooleanType@6a1e6efb
2787 [Test worker] DEBUG org.hibernate.type.BasicTypeRegistry  - Adding type registration numeric_boolean -> org.hibernate.type.NumericBooleanType@6a1e6efb
2787 [Test worker] DEBUG org.hibernate.type.BasicTypeRegistry  - Adding type registration true_false -> org.hibernate.type.TrueFalseType@4fb7ab65
2787 [Test worker] DEBUG org.hibernate.type.BasicTypeRegistry  - Adding type registration true_false -> org.hibernate.type.TrueFalseType@4fb7ab65
2787 [Test worker] DEBUG org.hibernate.type.BasicTypeRegistry  - Adding type registration yes_no -> org.hibernate.type.YesNoType@57a12b6d
2787 [Test worker] DEBUG org.hibernate.type.BasicTypeRegistry  - Adding type registration yes_no -> org.hibernate.type.YesNoType@57a12b6d
2787 [Test worker] DEBUG org.hibernate.type.BasicTypeRegistry  - Adding type registration byte -> org.hibernate.type.ByteType@39e7591c
2787 [Test worker] DEBUG org.hibernate.type.BasicTypeRegistry  - Adding type registration byte -> org.hibernate.type.ByteType@39e7591c
2787 [Test worker] DEBUG org.hibernate.type.BasicTypeRegistry  - Adding type registration byte -> org.hibernate.type.ByteType@39e7591c
2787 [Test worker] DEBUG org.hibernate.type.BasicTypeRegistry  - Adding type registration byte -> org.hibernate.type.ByteType@39e7591c
2787 [Test worker] DEBUG org.hibernate.type.BasicTypeRegistry  - Adding type registration java.lang.Byte -> org.hibernate.type.ByteType@39e7591c
2787 [Test worker] DEBUG org.hibernate.type.BasicTypeRegistry  - Adding type registration java.lang.Byte -> org.hibernate.type.ByteType@39e7591c
2787 [Test worker] DEBUG org.hibernate.type.BasicTypeRegistry  - Adding type registration character -> org.hibernate.type.CharacterType@4905fdd7
2787 [Test worker] DEBUG org.hibernate.type.BasicTypeRegistry  - Adding type registration character -> org.hibernate.type.CharacterType@4905fdd7
2787 [Test worker] DEBUG org.hibernate.type.BasicTypeRegistry  - Adding type registration char -> org.hibernate.type.CharacterType@4905fdd7
2787 [Test worker] DEBUG org.hibernate.type.BasicTypeRegistry  - Adding type registration char -> org.hibernate.type.CharacterType@4905fdd7
2787 [Test worker] DEBUG org.hibernate.type.BasicTypeRegistry  - Adding type registration java.lang.Character -> org.hibernate.type.CharacterType@4905fdd7
2787 [Test worker] DEBUG org.hibernate.type.BasicTypeRegistry  - Adding type registration java.lang.Character -> org.hibernate.type.CharacterType@4905fdd7
2787 [Test worker] DEBUG org.hibernate.type.BasicTypeRegistry  - Adding type registration short -> org.hibernate.type.ShortType@7c577ec0
2787 [Test worker] DEBUG org.hibernate.type.BasicTypeRegistry  - Adding type registration short -> org.hibernate.type.ShortType@7c577ec0
2787 [Test worker] DEBUG org.hibernate.type.BasicTypeRegistry  - Adding type registration short -> org.hibernate.type.ShortType@7c577ec0
2787 [Test worker] DEBUG org.hibernate.type.BasicTypeRegistry  - Adding type registration short -> org.hibernate.type.ShortType@7c577ec0
2787 [Test worker] DEBUG org.hibernate.type.BasicTypeRegistry  - Adding type registration java.lang.Short -> org.hibernate.type.ShortType@7c577ec0
2787 [Test worker] DEBUG org.hibernate.type.BasicTypeRegistry  - Adding type registration java.lang.Short -> org.hibernate.type.ShortType@7c577ec0
2787 [Test worker] DEBUG org.hibernate.type.BasicTypeRegistry  - Adding type registration integer -> org.hibernate.type.IntegerType@78a03005
2787 [Test worker] DEBUG org.hibernate.type.BasicTypeRegistry  - Adding type registration integer -> org.hibernate.type.IntegerType@78a03005
2787 [Test worker] DEBUG org.hibernate.type.BasicTypeRegistry  - Adding type registration int -> org.hibernate.type.IntegerType@78a03005
2787 [Test worker] DEBUG org.hibernate.type.BasicTypeRegistry  - Adding type registration int -> org.hibernate.type.IntegerType@78a03005
2787 [Test worker] DEBUG org.hibernate.type.BasicTypeRegistry  - Adding type registration java.lang.Integer -> org.hibernate.type.IntegerType@78a03005
2787 [Test worker] DEBUG org.hibernate.type.BasicTypeRegistry  - Adding type registration java.lang.Integer -> org.hibernate.type.IntegerType@78a03005
2787 [Test worker] DEBUG org.hibernate.type.BasicTypeRegistry  - Adding type registration long -> org.hibernate.type.LongType@7d0868a2
2787 [Test worker] DEBUG org.hibernate.type.BasicTypeRegistry  - Adding type registration long -> org.hibernate.type.LongType@7d0868a2
2787 [Test worker] DEBUG org.hibernate.type.BasicTypeRegistry  - Adding type registration long -> org.hibernate.type.LongType@7d0868a2
2787 [Test worker] DEBUG org.hibernate.type.BasicTypeRegistry  - Adding type registration long -> org.hibernate.type.LongType@7d0868a2
2787 [Test worker] DEBUG org.hibernate.type.BasicTypeRegistry  - Adding type registration java.lang.Long -> org.hibernate.type.LongType@7d0868a2
2787 [Test worker] DEBUG org.hibernate.type.BasicTypeRegistry  - Adding type registration java.lang.Long -> org.hibernate.type.LongType@7d0868a2
2787 [Test worker] DEBUG org.hibernate.type.BasicTypeRegistry  - Adding type registration float -> org.hibernate.type.FloatType@6c7ddc4c
2787 [Test worker] DEBUG org.hibernate.type.BasicTypeRegistry  - Adding type registration float -> org.hibernate.type.FloatType@6c7ddc4c
2787 [Test worker] DEBUG org.hibernate.type.BasicTypeRegistry  - Adding type registration float -> org.hibernate.type.FloatType@6c7ddc4c
2787 [Test worker] DEBUG org.hibernate.type.BasicTypeRegistry  - Adding type registration float -> org.hibernate.type.FloatType@6c7ddc4c
2787 [Test worker] DEBUG org.hibernate.type.BasicTypeRegistry  - Adding type registration java.lang.Float -> org.hibernate.type.FloatType@6c7ddc4c
2787 [Test worker] DEBUG org.hibernate.type.BasicTypeRegistry  - Adding type registration java.lang.Float -> org.hibernate.type.FloatType@6c7ddc4c
2787 [Test worker] DEBUG org.hibernate.type.BasicTypeRegistry  - Adding type registration double -> org.hibernate.type.DoubleType@23d35a6c
2787 [Test worker] DEBUG org.hibernate.type.BasicTypeRegistry  - Adding type registration double -> org.hibernate.type.DoubleType@23d35a6c
2787 [Test worker] DEBUG org.hibernate.type.BasicTypeRegistry  - Adding type registration double -> org.hibernate.type.DoubleType@23d35a6c
2787 [Test worker] DEBUG org.hibernate.type.BasicTypeRegistry  - Adding type registration double -> org.hibernate.type.DoubleType@23d35a6c
2787 [Test worker] DEBUG org.hibernate.type.BasicTypeRegistry  - Adding type registration java.lang.Double -> org.hibernate.type.DoubleType@23d35a6c
2787 [Test worker] DEBUG org.hibernate.type.BasicTypeRegistry  - Adding type registration java.lang.Double -> org.hibernate.type.DoubleType@23d35a6c
2787 [Test worker] DEBUG org.hibernate.type.BasicTypeRegistry  - Adding type registration big_decimal -> org.hibernate.type.BigDecimalType@7f04faaa
2787 [Test worker] DEBUG org.hibernate.type.BasicTypeRegistry  - Adding type registration big_decimal -> org.hibernate.type.BigDecimalType@7f04faaa
2787 [Test worker] DEBUG org.hibernate.type.BasicTypeRegistry  - Adding type registration java.math.BigDecimal -> org.hibernate.type.BigDecimalType@7f04faaa
2787 [Test worker] DEBUG org.hibernate.type.BasicTypeRegistry  - Adding type registration java.math.BigDecimal -> org.hibernate.type.BigDecimalType@7f04faaa
2787 [Test worker] DEBUG org.hibernate.type.BasicTypeRegistry  - Adding type registration big_integer -> org.hibernate.type.BigIntegerType@7424e1a9
2787 [Test worker] DEBUG org.hibernate.type.BasicTypeRegistry  - Adding type registration big_integer -> org.hibernate.type.BigIntegerType@7424e1a9
2787 [Test worker] DEBUG org.hibernate.type.BasicTypeRegistry  - Adding type registration java.math.BigInteger -> org.hibernate.type.BigIntegerType@7424e1a9
2787 [Test worker] DEBUG org.hibernate.type.BasicTypeRegistry  - Adding type registration java.math.BigInteger -> org.hibernate.type.BigIntegerType@7424e1a9
2787 [Test worker] DEBUG org.hibernate.type.BasicTypeRegistry  - Adding type registration string -> org.hibernate.type.StringType@64e8c682
2787 [Test worker] DEBUG org.hibernate.type.BasicTypeRegistry  - Adding type registration string -> org.hibernate.type.StringType@64e8c682
2787 [Test worker] DEBUG org.hibernate.type.BasicTypeRegistry  - Adding type registration java.lang.String -> org.hibernate.type.StringType@64e8c682
2787 [Test worker] DEBUG org.hibernate.type.BasicTypeRegistry  - Adding type registration java.lang.String -> org.hibernate.type.StringType@64e8c682
2787 [Test worker] DEBUG org.hibernate.type.BasicTypeRegistry  - Adding type registration nstring -> org.hibernate.type.StringNVarcharType@645e5631
2787 [Test worker] DEBUG org.hibernate.type.BasicTypeRegistry  - Adding type registration nstring -> org.hibernate.type.StringNVarcharType@645e5631
2787 [Test worker] DEBUG org.hibernate.type.BasicTypeRegistry  - Adding type registration ncharacter -> org.hibernate.type.CharacterNCharType@5d1e0f9a
2787 [Test worker] DEBUG org.hibernate.type.BasicTypeRegistry  - Adding type registration ncharacter -> org.hibernate.type.CharacterNCharType@5d1e0f9a
2787 [Test worker] DEBUG org.hibernate.type.BasicTypeRegistry  - Adding type registration url -> org.hibernate.type.UrlType@ef335c
2787 [Test worker] DEBUG org.hibernate.type.BasicTypeRegistry  - Adding type registration url -> org.hibernate.type.UrlType@ef335c
2787 [Test worker] DEBUG org.hibernate.type.BasicTypeRegistry  - Adding type registration java.net.URL -> org.hibernate.type.UrlType@ef335c
2787 [Test worker] DEBUG org.hibernate.type.BasicTypeRegistry  - Adding type registration java.net.URL -> org.hibernate.type.UrlType@ef335c
2787 [Test worker] DEBUG org.hibernate.type.BasicTypeRegistry  - Adding type registration Duration -> org.hibernate.type.DurationType@5d6caa7a
2787 [Test worker] DEBUG org.hibernate.type.BasicTypeRegistry  - Adding type registration Duration -> org.hibernate.type.DurationType@5d6caa7a
2787 [Test worker] DEBUG org.hibernate.type.BasicTypeRegistry  - Adding type registration java.time.Duration -> org.hibernate.type.DurationType@5d6caa7a
2787 [Test worker] DEBUG org.hibernate.type.BasicTypeRegistry  - Adding type registration java.time.Duration -> org.hibernate.type.DurationType@5d6caa7a
2787 [Test worker] DEBUG org.hibernate.type.BasicTypeRegistry  - Adding type registration Instant -> org.hibernate.type.InstantType@415bcad6
2787 [Test worker] DEBUG org.hibernate.type.BasicTypeRegistry  - Adding type registration Instant -> org.hibernate.type.InstantType@415bcad6
2787 [Test worker] DEBUG org.hibernate.type.BasicTypeRegistry  - Adding type registration java.time.Instant -> org.hibernate.type.InstantType@415bcad6
2787 [Test worker] DEBUG org.hibernate.type.BasicTypeRegistry  - Adding type registration java.time.Instant -> org.hibernate.type.InstantType@415bcad6
2787 [Test worker] DEBUG org.hibernate.type.BasicTypeRegistry  - Adding type registration LocalDateTime -> org.hibernate.type.LocalDateTimeType@a60ffc
2787 [Test worker] DEBUG org.hibernate.type.BasicTypeRegistry  - Adding type registration LocalDateTime -> org.hibernate.type.LocalDateTimeType@a60ffc
2787 [Test worker] DEBUG org.hibernate.type.BasicTypeRegistry  - Adding type registration java.time.LocalDateTime -> org.hibernate.type.LocalDateTimeType@a60ffc
2787 [Test worker] DEBUG org.hibernate.type.BasicTypeRegistry  - Adding type registration java.time.LocalDateTime -> org.hibernate.type.LocalDateTimeType@a60ffc
2787 [Test worker] DEBUG org.hibernate.type.BasicTypeRegistry  - Adding type registration LocalDate -> org.hibernate.type.LocalDateType@7a7d8e55
2787 [Test worker] DEBUG org.hibernate.type.BasicTypeRegistry  - Adding type registration LocalDate -> org.hibernate.type.LocalDateType@7a7d8e55
2787 [Test worker] DEBUG org.hibernate.type.BasicTypeRegistry  - Adding type registration java.time.LocalDate -> org.hibernate.type.LocalDateType@7a7d8e55
2787 [Test worker] DEBUG org.hibernate.type.BasicTypeRegistry  - Adding type registration java.time.LocalDate -> org.hibernate.type.LocalDateType@7a7d8e55
2787 [Test worker] DEBUG org.hibernate.type.BasicTypeRegistry  - Adding type registration LocalTime -> org.hibernate.type.LocalTimeType@5743dad2
2787 [Test worker] DEBUG org.hibernate.type.BasicTypeRegistry  - Adding type registration LocalTime -> org.hibernate.type.LocalTimeType@5743dad2
2787 [Test worker] DEBUG org.hibernate.type.BasicTypeRegistry  - Adding type registration java.time.LocalTime -> org.hibernate.type.LocalTimeType@5743dad2
2787 [Test worker] DEBUG org.hibernate.type.BasicTypeRegistry  - Adding type registration java.time.LocalTime -> org.hibernate.type.LocalTimeType@5743dad2
2787 [Test worker] DEBUG org.hibernate.type.BasicTypeRegistry  - Adding type registration OffsetDateTime -> org.hibernate.type.OffsetDateTimeType@7e857421
2787 [Test worker] DEBUG org.hibernate.type.BasicTypeRegistry  - Adding type registration OffsetDateTime -> org.hibernate.type.OffsetDateTimeType@7e857421
2787 [Test worker] DEBUG org.hibernate.type.BasicTypeRegistry  - Adding type registration java.time.OffsetDateTime -> org.hibernate.type.OffsetDateTimeType@7e857421
2787 [Test worker] DEBUG org.hibernate.type.BasicTypeRegistry  - Adding type registration java.time.OffsetDateTime -> org.hibernate.type.OffsetDateTimeType@7e857421
2787 [Test worker] DEBUG org.hibernate.type.BasicTypeRegistry  - Adding type registration OffsetTime -> org.hibernate.type.OffsetTimeType@122f9658
2787 [Test worker] DEBUG org.hibernate.type.BasicTypeRegistry  - Adding type registration OffsetTime -> org.hibernate.type.OffsetTimeType@122f9658
2787 [Test worker] DEBUG org.hibernate.type.BasicTypeRegistry  - Adding type registration java.time.OffsetTime -> org.hibernate.type.OffsetTimeType@122f9658
2787 [Test worker] DEBUG org.hibernate.type.BasicTypeRegistry  - Adding type registration java.time.OffsetTime -> org.hibernate.type.OffsetTimeType@122f9658
2787 [Test worker] DEBUG org.hibernate.type.BasicTypeRegistry  - Adding type registration ZonedDateTime -> org.hibernate.type.ZonedDateTimeType@a4bd875
2787 [Test worker] DEBUG org.hibernate.type.BasicTypeRegistry  - Adding type registration ZonedDateTime -> org.hibernate.type.ZonedDateTimeType@a4bd875
2787 [Test worker] DEBUG org.hibernate.type.BasicTypeRegistry  - Adding type registration java.time.ZonedDateTime -> org.hibernate.type.ZonedDateTimeType@a4bd875
2787 [Test worker] DEBUG org.hibernate.type.BasicTypeRegistry  - Adding type registration java.time.ZonedDateTime -> org.hibernate.type.ZonedDateTimeType@a4bd875
2787 [Test worker] DEBUG org.hibernate.type.BasicTypeRegistry  - Adding type registration date -> org.hibernate.type.DateType@7c0ab1c0
2787 [Test worker] DEBUG org.hibernate.type.BasicTypeRegistry  - Adding type registration date -> org.hibernate.type.DateType@7c0ab1c0
2787 [Test worker] DEBUG org.hibernate.type.BasicTypeRegistry  - Adding type registration java.sql.Date -> org.hibernate.type.DateType@7c0ab1c0
2787 [Test worker] DEBUG org.hibernate.type.BasicTypeRegistry  - Adding type registration java.sql.Date -> org.hibernate.type.DateType@7c0ab1c0
2787 [Test worker] DEBUG org.hibernate.type.BasicTypeRegistry  - Adding type registration time -> org.hibernate.type.TimeType@7e219c4f
2787 [Test worker] DEBUG org.hibernate.type.BasicTypeRegistry  - Adding type registration time -> org.hibernate.type.TimeType@7e219c4f
2787 [Test worker] DEBUG org.hibernate.type.BasicTypeRegistry  - Adding type registration java.sql.Time -> org.hibernate.type.TimeType@7e219c4f
2787 [Test worker] DEBUG org.hibernate.type.BasicTypeRegistry  - Adding type registration java.sql.Time -> org.hibernate.type.TimeType@7e219c4f
2787 [Test worker] DEBUG org.hibernate.type.BasicTypeRegistry  - Adding type registration timestamp -> org.hibernate.type.TimestampType@552317ef
2787 [Test worker] DEBUG org.hibernate.type.BasicTypeRegistry  - Adding type registration timestamp -> org.hibernate.type.TimestampType@552317ef
2787 [Test worker] DEBUG org.hibernate.type.BasicTypeRegistry  - Adding type registration java.sql.Timestamp -> org.hibernate.type.TimestampType@552317ef
2787 [Test worker] DEBUG org.hibernate.type.BasicTypeRegistry  - Adding type registration java.sql.Timestamp -> org.hibernate.type.TimestampType@552317ef
2787 [Test worker] DEBUG org.hibernate.type.BasicTypeRegistry  - Adding type registration java.util.Date -> org.hibernate.type.TimestampType@552317ef
2787 [Test worker] DEBUG org.hibernate.type.BasicTypeRegistry  - Adding type registration java.util.Date -> org.hibernate.type.TimestampType@552317ef
2787 [Test worker] DEBUG org.hibernate.type.BasicTypeRegistry  - Adding type registration dbtimestamp -> org.hibernate.type.DbTimestampType@4d6a4085
2787 [Test worker] DEBUG org.hibernate.type.BasicTypeRegistry  - Adding type registration dbtimestamp -> org.hibernate.type.DbTimestampType@4d6a4085
2787 [Test worker] DEBUG org.hibernate.type.BasicTypeRegistry  - Adding type registration calendar -> org.hibernate.type.CalendarType@29bf4469
2787 [Test worker] DEBUG org.hibernate.type.BasicTypeRegistry  - Adding type registration calendar -> org.hibernate.type.CalendarType@29bf4469
2787 [Test worker] DEBUG org.hibernate.type.BasicTypeRegistry  - Adding type registration java.util.Calendar -> org.hibernate.type.CalendarType@29bf4469
2787 [Test worker] DEBUG org.hibernate.type.BasicTypeRegistry  - Adding type registration java.util.Calendar -> org.hibernate.type.CalendarType@29bf4469
2787 [Test worker] DEBUG org.hibernate.type.BasicTypeRegistry  - Adding type registration java.util.GregorianCalendar -> org.hibernate.type.CalendarType@29bf4469
2787 [Test worker] DEBUG org.hibernate.type.BasicTypeRegistry  - Adding type registration java.util.GregorianCalendar -> org.hibernate.type.CalendarType@29bf4469
2787 [Test worker] DEBUG org.hibernate.type.BasicTypeRegistry  - Adding type registration calendar_date -> org.hibernate.type.CalendarDateType@60d5e065
2787 [Test worker] DEBUG org.hibernate.type.BasicTypeRegistry  - Adding type registration calendar_date -> org.hibernate.type.CalendarDateType@60d5e065
2787 [Test worker] DEBUG org.hibernate.type.BasicTypeRegistry  - Adding type registration locale -> org.hibernate.type.LocaleType@410570b7
2787 [Test worker] DEBUG org.hibernate.type.BasicTypeRegistry  - Adding type registration locale -> org.hibernate.type.LocaleType@410570b7
2787 [Test worker] DEBUG org.hibernate.type.BasicTypeRegistry  - Adding type registration java.util.Locale -> org.hibernate.type.LocaleType@410570b7
2787 [Test worker] DEBUG org.hibernate.type.BasicTypeRegistry  - Adding type registration java.util.Locale -> org.hibernate.type.LocaleType@410570b7
2787 [Test worker] DEBUG org.hibernate.type.BasicTypeRegistry  - Adding type registration currency -> org.hibernate.type.CurrencyType@34209c97
2787 [Test worker] DEBUG org.hibernate.type.BasicTypeRegistry  - Adding type registration currency -> org.hibernate.type.CurrencyType@34209c97
2787 [Test worker] DEBUG org.hibernate.type.BasicTypeRegistry  - Adding type registration java.util.Currency -> org.hibernate.type.CurrencyType@34209c97
2787 [Test worker] DEBUG org.hibernate.type.BasicTypeRegistry  - Adding type registration java.util.Currency -> org.hibernate.type.CurrencyType@34209c97
2787 [Test worker] DEBUG org.hibernate.type.BasicTypeRegistry  - Adding type registration timezone -> org.hibernate.type.TimeZoneType@5e0bf466
2787 [Test worker] DEBUG org.hibernate.type.BasicTypeRegistry  - Adding type registration timezone -> org.hibernate.type.TimeZoneType@5e0bf466
2787 [Test worker] DEBUG org.hibernate.type.BasicTypeRegistry  - Adding type registration java.util.TimeZone -> org.hibernate.type.TimeZoneType@5e0bf466
2787 [Test worker] DEBUG org.hibernate.type.BasicTypeRegistry  - Adding type registration java.util.TimeZone -> org.hibernate.type.TimeZoneType@5e0bf466
2787 [Test worker] DEBUG org.hibernate.type.BasicTypeRegistry  - Adding type registration class -> org.hibernate.type.ClassType@58277946
2787 [Test worker] DEBUG org.hibernate.type.BasicTypeRegistry  - Adding type registration class -> org.hibernate.type.ClassType@58277946
2787 [Test worker] DEBUG org.hibernate.type.BasicTypeRegistry  - Adding type registration java.lang.Class -> org.hibernate.type.ClassType@58277946
2787 [Test worker] DEBUG org.hibernate.type.BasicTypeRegistry  - Adding type registration java.lang.Class -> org.hibernate.type.ClassType@58277946
2787 [Test worker] DEBUG org.hibernate.type.BasicTypeRegistry  - Adding type registration uuid-binary -> org.hibernate.type.UUIDBinaryType@2b439788
2787 [Test worker] DEBUG org.hibernate.type.BasicTypeRegistry  - Adding type registration uuid-binary -> org.hibernate.type.UUIDBinaryType@2b439788
2787 [Test worker] DEBUG org.hibernate.type.BasicTypeRegistry  - Adding type registration java.util.UUID -> org.hibernate.type.UUIDBinaryType@2b439788
2787 [Test worker] DEBUG org.hibernate.type.BasicTypeRegistry  - Adding type registration java.util.UUID -> org.hibernate.type.UUIDBinaryType@2b439788
2787 [Test worker] DEBUG org.hibernate.type.BasicTypeRegistry  - Adding type registration uuid-char -> org.hibernate.type.UUIDCharType@2558ee26
2787 [Test worker] DEBUG org.hibernate.type.BasicTypeRegistry  - Adding type registration uuid-char -> org.hibernate.type.UUIDCharType@2558ee26
2787 [Test worker] DEBUG org.hibernate.type.BasicTypeRegistry  - Adding type registration binary -> org.hibernate.type.BinaryType@5f9bd5ac
2787 [Test worker] DEBUG org.hibernate.type.BasicTypeRegistry  - Adding type registration binary -> org.hibernate.type.BinaryType@5f9bd5ac
2787 [Test worker] DEBUG org.hibernate.type.BasicTypeRegistry  - Adding type registration byte[] -> org.hibernate.type.BinaryType@5f9bd5ac
2787 [Test worker] DEBUG org.hibernate.type.BasicTypeRegistry  - Adding type registration byte[] -> org.hibernate.type.BinaryType@5f9bd5ac
2787 [Test worker] DEBUG org.hibernate.type.BasicTypeRegistry  - Adding type registration [B -> org.hibernate.type.BinaryType@5f9bd5ac
2787 [Test worker] DEBUG org.hibernate.type.BasicTypeRegistry  - Adding type registration [B -> org.hibernate.type.BinaryType@5f9bd5ac
2787 [Test worker] DEBUG org.hibernate.type.BasicTypeRegistry  - Adding type registration wrapper-binary -> org.hibernate.type.WrapperBinaryType@7a8029e0
2787 [Test worker] DEBUG org.hibernate.type.BasicTypeRegistry  - Adding type registration wrapper-binary -> org.hibernate.type.WrapperBinaryType@7a8029e0
2787 [Test worker] DEBUG org.hibernate.type.BasicTypeRegistry  - Adding type registration Byte[] -> org.hibernate.type.WrapperBinaryType@7a8029e0
2787 [Test worker] DEBUG org.hibernate.type.BasicTypeRegistry  - Adding type registration Byte[] -> org.hibernate.type.WrapperBinaryType@7a8029e0
2787 [Test worker] DEBUG org.hibernate.type.BasicTypeRegistry  - Adding type registration [Ljava.lang.Byte; -> org.hibernate.type.WrapperBinaryType@7a8029e0
2787 [Test worker] DEBUG org.hibernate.type.BasicTypeRegistry  - Adding type registration [Ljava.lang.Byte; -> org.hibernate.type.WrapperBinaryType@7a8029e0
2787 [Test worker] DEBUG org.hibernate.type.BasicTypeRegistry  - Adding type registration row_version -> org.hibernate.type.RowVersionType@4cfbe080
2787 [Test worker] DEBUG org.hibernate.type.BasicTypeRegistry  - Adding type registration row_version -> org.hibernate.type.RowVersionType@4cfbe080
2787 [Test worker] DEBUG org.hibernate.type.BasicTypeRegistry  - Adding type registration image -> org.hibernate.type.ImageType@7b19b7a1
2787 [Test worker] DEBUG org.hibernate.type.BasicTypeRegistry  - Adding type registration image -> org.hibernate.type.ImageType@7b19b7a1
2787 [Test worker] DEBUG org.hibernate.type.BasicTypeRegistry  - Adding type registration characters -> org.hibernate.type.CharArrayType@6b71b7a7
2787 [Test worker] DEBUG org.hibernate.type.BasicTypeRegistry  - Adding type registration characters -> org.hibernate.type.CharArrayType@6b71b7a7
2787 [Test worker] DEBUG org.hibernate.type.BasicTypeRegistry  - Adding type registration char[] -> org.hibernate.type.CharArrayType@6b71b7a7
2787 [Test worker] DEBUG org.hibernate.type.BasicTypeRegistry  - Adding type registration char[] -> org.hibernate.type.CharArrayType@6b71b7a7
2787 [Test worker] DEBUG org.hibernate.type.BasicTypeRegistry  - Adding type registration [C -> org.hibernate.type.CharArrayType@6b71b7a7
2787 [Test worker] DEBUG org.hibernate.type.BasicTypeRegistry  - Adding type registration [C -> org.hibernate.type.CharArrayType@6b71b7a7
2787 [Test worker] DEBUG org.hibernate.type.BasicTypeRegistry  - Adding type registration wrapper-characters -> org.hibernate.type.CharacterArrayType@7843078
2787 [Test worker] DEBUG org.hibernate.type.BasicTypeRegistry  - Adding type registration wrapper-characters -> org.hibernate.type.CharacterArrayType@7843078
2787 [Test worker] DEBUG org.hibernate.type.BasicTypeRegistry  - Adding type registration [Ljava.lang.Character; -> org.hibernate.type.CharacterArrayType@7843078
2787 [Test worker] DEBUG org.hibernate.type.BasicTypeRegistry  - Adding type registration [Ljava.lang.Character; -> org.hibernate.type.CharacterArrayType@7843078
2787 [Test worker] DEBUG org.hibernate.type.BasicTypeRegistry  - Adding type registration Character[] -> org.hibernate.type.CharacterArrayType@7843078
2787 [Test worker] DEBUG org.hibernate.type.BasicTypeRegistry  - Adding type registration Character[] -> org.hibernate.type.CharacterArrayType@7843078
2787 [Test worker] DEBUG org.hibernate.type.BasicTypeRegistry  - Adding type registration text -> org.hibernate.type.TextType@504a4dbc
2787 [Test worker] DEBUG org.hibernate.type.BasicTypeRegistry  - Adding type registration text -> org.hibernate.type.TextType@504a4dbc
2787 [Test worker] DEBUG org.hibernate.type.BasicTypeRegistry  - Adding type registration ntext -> org.hibernate.type.NTextType@13195842
2787 [Test worker] DEBUG org.hibernate.type.BasicTypeRegistry  - Adding type registration ntext -> org.hibernate.type.NTextType@13195842
2787 [Test worker] DEBUG org.hibernate.type.BasicTypeRegistry  - Adding type registration blob -> org.hibernate.type.BlobType@ad0e79f
2787 [Test worker] DEBUG org.hibernate.type.BasicTypeRegistry  - Adding type registration blob -> org.hibernate.type.BlobType@ad0e79f
2787 [Test worker] DEBUG org.hibernate.type.BasicTypeRegistry  - Adding type registration java.sql.Blob -> org.hibernate.type.BlobType@ad0e79f
2787 [Test worker] DEBUG org.hibernate.type.BasicTypeRegistry  - Adding type registration java.sql.Blob -> org.hibernate.type.BlobType@ad0e79f
2787 [Test worker] DEBUG org.hibernate.type.BasicTypeRegistry  - Adding type registration materialized_blob -> org.hibernate.type.MaterializedBlobType@58b5819a
2787 [Test worker] DEBUG org.hibernate.type.BasicTypeRegistry  - Adding type registration materialized_blob -> org.hibernate.type.MaterializedBlobType@58b5819a
2787 [Test worker] DEBUG org.hibernate.type.BasicTypeRegistry  - Adding type registration clob -> org.hibernate.type.ClobType@600c180f
2787 [Test worker] DEBUG org.hibernate.type.BasicTypeRegistry  - Adding type registration clob -> org.hibernate.type.ClobType@600c180f
2787 [Test worker] DEBUG org.hibernate.type.BasicTypeRegistry  - Adding type registration java.sql.Clob -> org.hibernate.type.ClobType@600c180f
2787 [Test worker] DEBUG org.hibernate.type.BasicTypeRegistry  - Adding type registration java.sql.Clob -> org.hibernate.type.ClobType@600c180f
2787 [Test worker] DEBUG org.hibernate.type.BasicTypeRegistry  - Adding type registration nclob -> org.hibernate.type.NClobType@4325ab74
2787 [Test worker] DEBUG org.hibernate.type.BasicTypeRegistry  - Adding type registration nclob -> org.hibernate.type.NClobType@4325ab74
2787 [Test worker] DEBUG org.hibernate.type.BasicTypeRegistry  - Adding type registration java.sql.NClob -> org.hibernate.type.NClobType@4325ab74
2787 [Test worker] DEBUG org.hibernate.type.BasicTypeRegistry  - Adding type registration java.sql.NClob -> org.hibernate.type.NClobType@4325ab74
2787 [Test worker] DEBUG org.hibernate.type.BasicTypeRegistry  - Adding type registration materialized_clob -> org.hibernate.type.MaterializedClobType@7bdd65a2
2787 [Test worker] DEBUG org.hibernate.type.BasicTypeRegistry  - Adding type registration materialized_clob -> org.hibernate.type.MaterializedClobType@7bdd65a2
2787 [Test worker] DEBUG org.hibernate.type.BasicTypeRegistry  - Adding type registration materialized_nclob -> org.hibernate.type.MaterializedNClobType@243fc958
2787 [Test worker] DEBUG org.hibernate.type.BasicTypeRegistry  - Adding type registration materialized_nclob -> org.hibernate.type.MaterializedNClobType@243fc958
2787 [Test worker] DEBUG org.hibernate.type.BasicTypeRegistry  - Adding type registration serializable -> org.hibernate.type.SerializableType@2fd71844
2787 [Test worker] DEBUG org.hibernate.type.BasicTypeRegistry  - Adding type registration serializable -> org.hibernate.type.SerializableType@2fd71844
2787 [Test worker] DEBUG org.hibernate.type.BasicTypeRegistry  - Adding type registration object -> org.hibernate.type.ObjectType@603729ef
2787 [Test worker] DEBUG org.hibernate.type.BasicTypeRegistry  - Adding type registration object -> org.hibernate.type.ObjectType@603729ef
2787 [Test worker] DEBUG org.hibernate.type.BasicTypeRegistry  - Adding type registration java.lang.Object -> org.hibernate.type.ObjectType@603729ef
2787 [Test worker] DEBUG org.hibernate.type.BasicTypeRegistry  - Adding type registration java.lang.Object -> org.hibernate.type.ObjectType@603729ef
2787 [Test worker] DEBUG org.hibernate.type.BasicTypeRegistry  - Adding type registration imm_date -> org.hibernate.type.AdaptedImmutableType@11ef7892
2787 [Test worker] DEBUG org.hibernate.type.BasicTypeRegistry  - Adding type registration imm_date -> org.hibernate.type.AdaptedImmutableType@11ef7892
2787 [Test worker] DEBUG org.hibernate.type.BasicTypeRegistry  - Adding type registration imm_time -> org.hibernate.type.AdaptedImmutableType@6a89f942
2787 [Test worker] DEBUG org.hibernate.type.BasicTypeRegistry  - Adding type registration imm_time -> org.hibernate.type.AdaptedImmutableType@6a89f942
2787 [Test worker] DEBUG org.hibernate.type.BasicTypeRegistry  - Adding type registration imm_timestamp -> org.hibernate.type.AdaptedImmutableType@14080c20
2787 [Test worker] DEBUG org.hibernate.type.BasicTypeRegistry  - Adding type registration imm_timestamp -> org.hibernate.type.AdaptedImmutableType@14080c20
2787 [Test worker] DEBUG org.hibernate.type.BasicTypeRegistry  - Adding type registration imm_dbtimestamp -> org.hibernate.type.AdaptedImmutableType@5886a764
2787 [Test worker] DEBUG org.hibernate.type.BasicTypeRegistry  - Adding type registration imm_dbtimestamp -> org.hibernate.type.AdaptedImmutableType@5886a764
2787 [Test worker] DEBUG org.hibernate.type.BasicTypeRegistry  - Adding type registration imm_calendar -> org.hibernate.type.AdaptedImmutableType@32c77f0e
2787 [Test worker] DEBUG org.hibernate.type.BasicTypeRegistry  - Adding type registration imm_calendar -> org.hibernate.type.AdaptedImmutableType@32c77f0e
2787 [Test worker] DEBUG org.hibernate.type.BasicTypeRegistry  - Adding type registration imm_calendar_date -> org.hibernate.type.AdaptedImmutableType@17a1c3fd
2787 [Test worker] DEBUG org.hibernate.type.BasicTypeRegistry  - Adding type registration imm_calendar_date -> org.hibernate.type.AdaptedImmutableType@17a1c3fd
2787 [Test worker] DEBUG org.hibernate.type.BasicTypeRegistry  - Adding type registration imm_binary -> org.hibernate.type.AdaptedImmutableType@439cb425
2787 [Test worker] DEBUG org.hibernate.type.BasicTypeRegistry  - Adding type registration imm_binary -> org.hibernate.type.AdaptedImmutableType@439cb425
2787 [Test worker] DEBUG org.hibernate.type.BasicTypeRegistry  - Adding type registration imm_serializable -> org.hibernate.type.AdaptedImmutableType@2ecc96b5
2787 [Test worker] DEBUG org.hibernate.type.BasicTypeRegistry  - Adding type registration imm_serializable -> org.hibernate.type.AdaptedImmutableType@2ecc96b5
2787 [Test worker] WARN org.hibernate.orm.connections.pooling  - HHH10001002: Using Hibernate built-in connection pool (not for production use!)
2787 [Test worker] WARN org.hibernate.orm.connections.pooling  - HHH10001002: Using Hibernate built-in connection pool (not for production use!)
2787 [Test worker] INFO org.hibernate.orm.connections.pooling  - HHH10001005: using driver [org.h2.Driver] at URL [jdbc:h2:mem:test]
2787 [Test worker] INFO org.hibernate.orm.connections.pooling  - HHH10001005: using driver [org.h2.Driver] at URL [jdbc:h2:mem:test]
2787 [Test worker] INFO org.hibernate.orm.connections.pooling  - HHH10001001: Connection properties: {}
2787 [Test worker] INFO org.hibernate.orm.connections.pooling  - HHH10001001: Connection properties: {}
2787 [Test worker] INFO org.hibernate.orm.connections.pooling  - HHH10001003: Autocommit mode: false
2787 [Test worker] INFO org.hibernate.orm.connections.pooling  - HHH10001003: Autocommit mode: false
2787 [Test worker] DEBUG org.hibernate.engine.jdbc.connections.internal.DriverManagerConnectionProviderImpl  - Initializing Connection pool with 1 Connections
2787 [Test worker] DEBUG org.hibernate.engine.jdbc.connections.internal.DriverManagerConnectionProviderImpl  - Initializing Connection pool with 1 Connections
2787 [Test worker] INFO org.hibernate.engine.jdbc.connections.internal.DriverManagerConnectionProviderImpl  - HHH000115: Hibernate connection pool size: 20 (min=1)
2787 [Test worker] INFO org.hibernate.engine.jdbc.connections.internal.DriverManagerConnectionProviderImpl  - HHH000115: Hibernate connection pool size: 20 (min=1)
2787 [Test worker] DEBUG org.hibernate.engine.jdbc.env.internal.JdbcEnvironmentInitiator  - Database ->
       name : H2
    version : 1.4.194 (2017-03-10)
      major : 1
      minor : 4
2787 [Test worker] DEBUG org.hibernate.engine.jdbc.env.internal.JdbcEnvironmentInitiator  - Database ->
       name : H2
    version : 1.4.194 (2017-03-10)
      major : 1
      minor : 4
2787 [Test worker] DEBUG org.hibernate.engine.jdbc.env.internal.JdbcEnvironmentInitiator  - Driver ->
       name : H2 JDBC Driver
    version : 1.4.194 (2017-03-10)
      major : 1
      minor : 4
2787 [Test worker] DEBUG org.hibernate.engine.jdbc.env.internal.JdbcEnvironmentInitiator  - Driver ->
       name : H2 JDBC Driver
    version : 1.4.194 (2017-03-10)
      major : 1
      minor : 4
2787 [Test worker] DEBUG org.hibernate.engine.jdbc.env.internal.JdbcEnvironmentInitiator  - JDBC version : 4.0
2787 [Test worker] DEBUG org.hibernate.engine.jdbc.env.internal.JdbcEnvironmentInitiator  - JDBC version : 4.0
2787 [Test worker] INFO org.hibernate.dialect.Dialect  - HHH000400: Using dialect: org.hibernate.dialect.H2Dialect
2787 [Test worker] INFO org.hibernate.dialect.Dialect  - HHH000400: Using dialect: org.hibernate.dialect.H2Dialect
2787 [Test worker] DEBUG org.hibernate.id.factory.internal.DefaultIdentifierGeneratorFactory  - Registering IdentifierGenerator strategy [uuid2] -> [org.hibernate.id.UUIDGenerator]
2787 [Test worker] DEBUG org.hibernate.id.factory.internal.DefaultIdentifierGeneratorFactory  - Registering IdentifierGenerator strategy [uuid2] -> [org.hibernate.id.UUIDGenerator]
2787 [Test worker] DEBUG org.hibernate.id.factory.internal.DefaultIdentifierGeneratorFactory  - Registering IdentifierGenerator strategy [guid] -> [org.hibernate.id.GUIDGenerator]
2787 [Test worker] DEBUG org.hibernate.id.factory.internal.DefaultIdentifierGeneratorFactory  - Registering IdentifierGenerator strategy [guid] -> [org.hibernate.id.GUIDGenerator]
2787 [Test worker] DEBUG org.hibernate.id.factory.internal.DefaultIdentifierGeneratorFactory  - Registering IdentifierGenerator strategy [uuid] -> [org.hibernate.id.UUIDHexGenerator]
2787 [Test worker] DEBUG org.hibernate.id.factory.internal.DefaultIdentifierGeneratorFactory  - Registering IdentifierGenerator strategy [uuid] -> [org.hibernate.id.UUIDHexGenerator]
2787 [Test worker] DEBUG org.hibernate.id.factory.internal.DefaultIdentifierGeneratorFactory  - Registering IdentifierGenerator strategy [uuid.hex] -> [org.hibernate.id.UUIDHexGenerator]
2787 [Test worker] DEBUG org.hibernate.id.factory.internal.DefaultIdentifierGeneratorFactory  - Registering IdentifierGenerator strategy [uuid.hex] -> [org.hibernate.id.UUIDHexGenerator]
2787 [Test worker] DEBUG org.hibernate.id.factory.internal.DefaultIdentifierGeneratorFactory  - Registering IdentifierGenerator strategy [assigned] -> [org.hibernate.id.Assigned]
2787 [Test worker] DEBUG org.hibernate.id.factory.internal.DefaultIdentifierGeneratorFactory  - Registering IdentifierGenerator strategy [assigned] -> [org.hibernate.id.Assigned]
2787 [Test worker] DEBUG org.hibernate.id.factory.internal.DefaultIdentifierGeneratorFactory  - Registering IdentifierGenerator strategy [identity] -> [org.hibernate.id.IdentityGenerator]
2787 [Test worker] DEBUG org.hibernate.id.factory.internal.DefaultIdentifierGeneratorFactory  - Registering IdentifierGenerator strategy [identity] -> [org.hibernate.id.IdentityGenerator]
2787 [Test worker] DEBUG org.hibernate.id.factory.internal.DefaultIdentifierGeneratorFactory  - Registering IdentifierGenerator strategy [select] -> [org.hibernate.id.SelectGenerator]
2787 [Test worker] DEBUG org.hibernate.id.factory.internal.DefaultIdentifierGeneratorFactory  - Registering IdentifierGenerator strategy [select] -> [org.hibernate.id.SelectGenerator]
2787 [Test worker] DEBUG org.hibernate.id.factory.internal.DefaultIdentifierGeneratorFactory  - Registering IdentifierGenerator strategy [sequence] -> [org.hibernate.id.enhanced.SequenceStyleGenerator]
2787 [Test worker] DEBUG org.hibernate.id.factory.internal.DefaultIdentifierGeneratorFactory  - Registering IdentifierGenerator strategy [sequence] -> [org.hibernate.id.enhanced.SequenceStyleGenerator]
2787 [Test worker] DEBUG org.hibernate.id.factory.internal.DefaultIdentifierGeneratorFactory  - Registering IdentifierGenerator strategy [seqhilo] -> [org.hibernate.id.SequenceHiLoGenerator]
2787 [Test worker] DEBUG org.hibernate.id.factory.internal.DefaultIdentifierGeneratorFactory  - Registering IdentifierGenerator strategy [seqhilo] -> [org.hibernate.id.SequenceHiLoGenerator]
2787 [Test worker] DEBUG org.hibernate.id.factory.internal.DefaultIdentifierGeneratorFactory  - Registering IdentifierGenerator strategy [increment] -> [org.hibernate.id.IncrementGenerator]
2787 [Test worker] DEBUG org.hibernate.id.factory.internal.DefaultIdentifierGeneratorFactory  - Registering IdentifierGenerator strategy [increment] -> [org.hibernate.id.IncrementGenerator]
2787 [Test worker] DEBUG org.hibernate.id.factory.internal.DefaultIdentifierGeneratorFactory  - Registering IdentifierGenerator strategy [foreign] -> [org.hibernate.id.ForeignGenerator]
2787 [Test worker] DEBUG org.hibernate.id.factory.internal.DefaultIdentifierGeneratorFactory  - Registering IdentifierGenerator strategy [foreign] -> [org.hibernate.id.ForeignGenerator]
2787 [Test worker] DEBUG org.hibernate.id.factory.internal.DefaultIdentifierGeneratorFactory  - Registering IdentifierGenerator strategy [sequence-identity] -> [org.hibernate.id.SequenceIdentityGenerator]
2787 [Test worker] DEBUG org.hibernate.id.factory.internal.DefaultIdentifierGeneratorFactory  - Registering IdentifierGenerator strategy [sequence-identity] -> [org.hibernate.id.SequenceIdentityGenerator]
2787 [Test worker] DEBUG org.hibernate.id.factory.internal.DefaultIdentifierGeneratorFactory  - Registering IdentifierGenerator strategy [enhanced-sequence] -> [org.hibernate.id.enhanced.SequenceStyleGenerator]
2787 [Test worker] DEBUG org.hibernate.id.factory.internal.DefaultIdentifierGeneratorFactory  - Registering IdentifierGenerator strategy [enhanced-sequence] -> [org.hibernate.id.enhanced.SequenceStyleGenerator]
2787 [Test worker] DEBUG org.hibernate.id.factory.internal.DefaultIdentifierGeneratorFactory  - Registering IdentifierGenerator strategy [enhanced-table] -> [org.hibernate.id.enhanced.TableGenerator]
2787 [Test worker] DEBUG org.hibernate.id.factory.internal.DefaultIdentifierGeneratorFactory  - Registering IdentifierGenerator strategy [enhanced-table] -> [org.hibernate.id.enhanced.TableGenerator]
2787 [Test worker] DEBUG org.hibernate.boot.model.relational.Namespace  - Created database namespace [logicalName=Name{catalog=null, schema=null}, physicalName=Name{catalog=null, schema=null}]
2787 [Test worker] DEBUG org.hibernate.boot.model.relational.Namespace  - Created database namespace [logicalName=Name{catalog=null, schema=null}, physicalName=Name{catalog=null, schema=null}]
2787 [Test worker] DEBUG org.hibernate.cfg.AnnotationBinder  - Binding entity from annotated class: persistencia.entitad.LibroEntity
2787 [Test worker] DEBUG org.hibernate.cfg.AnnotationBinder  - Binding entity from annotated class: persistencia.entitad.LibroEntity
2787 [Test worker] DEBUG org.hibernate.cfg.annotations.QueryBinder  - Binding named query: Libro.findByIsbn => SELECT libro FROM Libro libro WHERE libro.isbn = :isbn
2787 [Test worker] DEBUG org.hibernate.cfg.annotations.QueryBinder  - Binding named query: Libro.findByIsbn => SELECT libro FROM Libro libro WHERE libro.isbn = :isbn
2787 [Test worker] DEBUG org.hibernate.cfg.annotations.QueryBinder  - Binding named query: Libro.findAll => SELECT libro FROM Libro libro
2787 [Test worker] DEBUG org.hibernate.cfg.annotations.QueryBinder  - Binding named query: Libro.findAll => SELECT libro FROM Libro libro
2787 [Test worker] DEBUG org.hibernate.cfg.Ejb3Column  - Binding column: Ejb3DiscriminatorColumn{logicalColumnName'DTYPE', discriminatorTypeName='string'}
2787 [Test worker] DEBUG org.hibernate.cfg.Ejb3Column  - Binding column: Ejb3DiscriminatorColumn{logicalColumnName'DTYPE', discriminatorTypeName='string'}
2787 [Test worker] DEBUG org.hibernate.cfg.annotations.EntityBinder  - Import with entity name Libro
2787 [Test worker] DEBUG org.hibernate.cfg.annotations.EntityBinder  - Import with entity name Libro
2787 [Test worker] DEBUG org.hibernate.cfg.annotations.EntityBinder  - Bind entity persistencia.entitad.LibroEntity on table Libro
2787 [Test worker] DEBUG org.hibernate.cfg.annotations.EntityBinder  - Bind entity persistencia.entitad.LibroEntity on table Libro
2787 [Test worker] DEBUG org.hibernate.cfg.Ejb3Column  - Binding column: Ejb3Column{table=org.hibernate.mapping.Table(Libro), mappingColumn=id, insertable=true, updatable=true, unique=false}
2787 [Test worker] DEBUG org.hibernate.cfg.Ejb3Column  - Binding column: Ejb3Column{table=org.hibernate.mapping.Table(Libro), mappingColumn=id, insertable=true, updatable=true, unique=false}
2787 [Test worker] DEBUG org.hibernate.cfg.annotations.PropertyBinder  - MetadataSourceProcessor property id with lazy=false
2787 [Test worker] DEBUG org.hibernate.cfg.annotations.PropertyBinder  - MetadataSourceProcessor property id with lazy=false
2787 [Test worker] DEBUG org.hibernate.cfg.AbstractPropertyHolder  - Attempting to locate auto-apply AttributeConverter for property [persistencia.entitad.LibroEntity:id]
2787 [Test worker] DEBUG org.hibernate.cfg.AbstractPropertyHolder  - Attempting to locate auto-apply AttributeConverter for property [persistencia.entitad.LibroEntity:id]
2787 [Test worker] DEBUG org.hibernate.cfg.annotations.SimpleValueBinder  - building SimpleValue for id
2787 [Test worker] DEBUG org.hibernate.cfg.annotations.SimpleValueBinder  - building SimpleValue for id
2802 [Test worker] DEBUG org.hibernate.cfg.annotations.PropertyBinder  - Building property id
2802 [Test worker] DEBUG org.hibernate.cfg.annotations.PropertyBinder  - Building property id
2802 [Test worker] DEBUG org.hibernate.cfg.Ejb3Column  - Binding column: Ejb3Column{table=org.hibernate.mapping.Table(Libro), mappingColumn=anio, insertable=true, updatable=true, unique=false}
2802 [Test worker] DEBUG org.hibernate.cfg.Ejb3Column  - Binding column: Ejb3Column{table=org.hibernate.mapping.Table(Libro), mappingColumn=anio, insertable=true, updatable=true, unique=false}
2802 [Test worker] DEBUG org.hibernate.cfg.annotations.PropertyBinder  - MetadataSourceProcessor property anio with lazy=false
2802 [Test worker] DEBUG org.hibernate.cfg.annotations.PropertyBinder  - MetadataSourceProcessor property anio with lazy=false
2802 [Test worker] DEBUG org.hibernate.cfg.AbstractPropertyHolder  - Attempting to locate auto-apply AttributeConverter for property [persistencia.entitad.LibroEntity:anio]
2802 [Test worker] DEBUG org.hibernate.cfg.AbstractPropertyHolder  - Attempting to locate auto-apply AttributeConverter for property [persistencia.entitad.LibroEntity:anio]
2802 [Test worker] DEBUG org.hibernate.cfg.annotations.SimpleValueBinder  - building SimpleValue for anio
2802 [Test worker] DEBUG org.hibernate.cfg.annotations.SimpleValueBinder  - building SimpleValue for anio
2802 [Test worker] DEBUG org.hibernate.cfg.annotations.PropertyBinder  - Building property anio
2802 [Test worker] DEBUG org.hibernate.cfg.annotations.PropertyBinder  - Building property anio
2802 [Test worker] DEBUG org.hibernate.cfg.Ejb3Column  - Binding column: Ejb3Column{table=org.hibernate.mapping.Table(Libro), mappingColumn=isbn, insertable=true, updatable=true, unique=false}
2802 [Test worker] DEBUG org.hibernate.cfg.Ejb3Column  - Binding column: Ejb3Column{table=org.hibernate.mapping.Table(Libro), mappingColumn=isbn, insertable=true, updatable=true, unique=false}
2802 [Test worker] DEBUG org.hibernate.cfg.annotations.PropertyBinder  - MetadataSourceProcessor property isbn with lazy=false
2802 [Test worker] DEBUG org.hibernate.cfg.annotations.PropertyBinder  - MetadataSourceProcessor property isbn with lazy=false
2802 [Test worker] DEBUG org.hibernate.cfg.AbstractPropertyHolder  - Attempting to locate auto-apply AttributeConverter for property [persistencia.entitad.LibroEntity:isbn]
2802 [Test worker] DEBUG org.hibernate.cfg.AbstractPropertyHolder  - Attempting to locate auto-apply AttributeConverter for property [persistencia.entitad.LibroEntity:isbn]
2802 [Test worker] DEBUG org.hibernate.cfg.annotations.SimpleValueBinder  - building SimpleValue for isbn
2802 [Test worker] DEBUG org.hibernate.cfg.annotations.SimpleValueBinder  - building SimpleValue for isbn
2802 [Test worker] DEBUG org.hibernate.cfg.annotations.PropertyBinder  - Building property isbn
2802 [Test worker] DEBUG org.hibernate.cfg.annotations.PropertyBinder  - Building property isbn
2802 [Test worker] DEBUG org.hibernate.cfg.Ejb3Column  - Binding column: Ejb3Column{table=org.hibernate.mapping.Table(Libro), mappingColumn=titulo, insertable=true, updatable=true, unique=false}
2802 [Test worker] DEBUG org.hibernate.cfg.Ejb3Column  - Binding column: Ejb3Column{table=org.hibernate.mapping.Table(Libro), mappingColumn=titulo, insertable=true, updatable=true, unique=false}
2802 [Test worker] DEBUG org.hibernate.cfg.annotations.PropertyBinder  - MetadataSourceProcessor property titulo with lazy=false
2802 [Test worker] DEBUG org.hibernate.cfg.annotations.PropertyBinder  - MetadataSourceProcessor property titulo with lazy=false
2802 [Test worker] DEBUG org.hibernate.cfg.AbstractPropertyHolder  - Attempting to locate auto-apply AttributeConverter for property [persistencia.entitad.LibroEntity:titulo]
2802 [Test worker] DEBUG org.hibernate.cfg.AbstractPropertyHolder  - Attempting to locate auto-apply AttributeConverter for property [persistencia.entitad.LibroEntity:titulo]
2802 [Test worker] DEBUG org.hibernate.cfg.annotations.SimpleValueBinder  - building SimpleValue for titulo
2802 [Test worker] DEBUG org.hibernate.cfg.annotations.SimpleValueBinder  - building SimpleValue for titulo
2802 [Test worker] DEBUG org.hibernate.cfg.annotations.PropertyBinder  - Building property titulo
2802 [Test worker] DEBUG org.hibernate.cfg.annotations.PropertyBinder  - Building property titulo
2802 [Test worker] DEBUG org.hibernate.cfg.AnnotationBinder  - Binding entity from annotated class: persistencia.entitad.PrestamoEntity
2802 [Test worker] DEBUG org.hibernate.cfg.AnnotationBinder  - Binding entity from annotated class: persistencia.entitad.PrestamoEntity
2802 [Test worker] DEBUG org.hibernate.cfg.annotations.QueryBinder  - Binding named query: Prestamo.findByIsbn => SELECT prestamo from Prestamo prestamo where prestamo.libro.isbn = :isbn
2802 [Test worker] DEBUG org.hibernate.cfg.annotations.QueryBinder  - Binding named query: Prestamo.findByIsbn => SELECT prestamo from Prestamo prestamo where prestamo.libro.isbn = :isbn
2802 [Test worker] DEBUG org.hibernate.cfg.annotations.QueryBinder  - Binding named query: Prestamo.findAll => SELECT prestamo from Prestamo prestamo
2802 [Test worker] DEBUG org.hibernate.cfg.annotations.QueryBinder  - Binding named query: Prestamo.findAll => SELECT prestamo from Prestamo prestamo
2802 [Test worker] DEBUG org.hibernate.cfg.Ejb3Column  - Binding column: Ejb3DiscriminatorColumn{logicalColumnName'DTYPE', discriminatorTypeName='string'}
2802 [Test worker] DEBUG org.hibernate.cfg.Ejb3Column  - Binding column: Ejb3DiscriminatorColumn{logicalColumnName'DTYPE', discriminatorTypeName='string'}
2802 [Test worker] DEBUG org.hibernate.cfg.annotations.EntityBinder  - Import with entity name Prestamo
2802 [Test worker] DEBUG org.hibernate.cfg.annotations.EntityBinder  - Import with entity name Prestamo
2802 [Test worker] DEBUG org.hibernate.cfg.annotations.EntityBinder  - Bind entity persistencia.entitad.PrestamoEntity on table Prestamo
2802 [Test worker] DEBUG org.hibernate.cfg.annotations.EntityBinder  - Bind entity persistencia.entitad.PrestamoEntity on table Prestamo
2802 [Test worker] DEBUG org.hibernate.cfg.Ejb3Column  - Binding column: Ejb3Column{table=org.hibernate.mapping.Table(Prestamo), mappingColumn=id, insertable=true, updatable=true, unique=false}
2802 [Test worker] DEBUG org.hibernate.cfg.Ejb3Column  - Binding column: Ejb3Column{table=org.hibernate.mapping.Table(Prestamo), mappingColumn=id, insertable=true, updatable=true, unique=false}
2802 [Test worker] DEBUG org.hibernate.cfg.annotations.PropertyBinder  - MetadataSourceProcessor property id with lazy=false
2802 [Test worker] DEBUG org.hibernate.cfg.annotations.PropertyBinder  - MetadataSourceProcessor property id with lazy=false
2802 [Test worker] DEBUG org.hibernate.cfg.AbstractPropertyHolder  - Attempting to locate auto-apply AttributeConverter for property [persistencia.entitad.PrestamoEntity:id]
2802 [Test worker] DEBUG org.hibernate.cfg.AbstractPropertyHolder  - Attempting to locate auto-apply AttributeConverter for property [persistencia.entitad.PrestamoEntity:id]
2802 [Test worker] DEBUG org.hibernate.cfg.annotations.SimpleValueBinder  - building SimpleValue for id
2802 [Test worker] DEBUG org.hibernate.cfg.annotations.SimpleValueBinder  - building SimpleValue for id
2802 [Test worker] DEBUG org.hibernate.cfg.annotations.PropertyBinder  - Building property id
2802 [Test worker] DEBUG org.hibernate.cfg.annotations.PropertyBinder  - Building property id
2802 [Test worker] DEBUG org.hibernate.cfg.Ejb3Column  - Binding column: Ejb3Column{table=org.hibernate.mapping.Table(Prestamo), mappingColumn=fechaEntregaMaxima, insertable=true, updatable=true, unique=false}
2802 [Test worker] DEBUG org.hibernate.cfg.Ejb3Column  - Binding column: Ejb3Column{table=org.hibernate.mapping.Table(Prestamo), mappingColumn=fechaEntregaMaxima, insertable=true, updatable=true, unique=false}
2802 [Test worker] DEBUG org.hibernate.cfg.annotations.PropertyBinder  - MetadataSourceProcessor property fechaEntregaMaxima with lazy=false
2802 [Test worker] DEBUG org.hibernate.cfg.annotations.PropertyBinder  - MetadataSourceProcessor property fechaEntregaMaxima with lazy=false
2802 [Test worker] DEBUG org.hibernate.cfg.AbstractPropertyHolder  - Attempting to locate auto-apply AttributeConverter for property [persistencia.entitad.PrestamoEntity:fechaEntregaMaxima]
2802 [Test worker] DEBUG org.hibernate.cfg.AbstractPropertyHolder  - Attempting to locate auto-apply AttributeConverter for property [persistencia.entitad.PrestamoEntity:fechaEntregaMaxima]
2802 [Test worker] DEBUG org.hibernate.cfg.annotations.SimpleValueBinder  - building SimpleValue for fechaEntregaMaxima
2802 [Test worker] DEBUG org.hibernate.cfg.annotations.SimpleValueBinder  - building SimpleValue for fechaEntregaMaxima
2802 [Test worker] DEBUG org.hibernate.cfg.annotations.PropertyBinder  - Building property fechaEntregaMaxima
2802 [Test worker] DEBUG org.hibernate.cfg.annotations.PropertyBinder  - Building property fechaEntregaMaxima
2802 [Test worker] DEBUG org.hibernate.cfg.Ejb3Column  - Binding column: Ejb3Column{table=org.hibernate.mapping.Table(Prestamo), mappingColumn=fechaSolicitud, insertable=true, updatable=true, unique=false}
2802 [Test worker] DEBUG org.hibernate.cfg.Ejb3Column  - Binding column: Ejb3Column{table=org.hibernate.mapping.Table(Prestamo), mappingColumn=fechaSolicitud, insertable=true, updatable=true, unique=false}
2802 [Test worker] DEBUG org.hibernate.cfg.annotations.PropertyBinder  - MetadataSourceProcessor property fechaSolicitud with lazy=false
2802 [Test worker] DEBUG org.hibernate.cfg.annotations.PropertyBinder  - MetadataSourceProcessor property fechaSolicitud with lazy=false
2802 [Test worker] DEBUG org.hibernate.cfg.AbstractPropertyHolder  - Attempting to locate auto-apply AttributeConverter for property [persistencia.entitad.PrestamoEntity:fechaSolicitud]
2802 [Test worker] DEBUG org.hibernate.cfg.AbstractPropertyHolder  - Attempting to locate auto-apply AttributeConverter for property [persistencia.entitad.PrestamoEntity:fechaSolicitud]
2802 [Test worker] DEBUG org.hibernate.cfg.annotations.SimpleValueBinder  - building SimpleValue for fechaSolicitud
2802 [Test worker] DEBUG org.hibernate.cfg.annotations.SimpleValueBinder  - building SimpleValue for fechaSolicitud
2802 [Test worker] DEBUG org.hibernate.cfg.annotations.PropertyBinder  - Building property fechaSolicitud
2802 [Test worker] DEBUG org.hibernate.cfg.annotations.PropertyBinder  - Building property fechaSolicitud
2802 [Test worker] DEBUG org.hibernate.cfg.Ejb3Column  - Binding column: Ejb3JoinColumn{logicalColumnName='ID_LIBRO', referencedColumn='id', mappedBy=''}
2802 [Test worker] DEBUG org.hibernate.cfg.Ejb3Column  - Binding column: Ejb3JoinColumn{logicalColumnName='ID_LIBRO', referencedColumn='id', mappedBy=''}
2802 [Test worker] DEBUG org.hibernate.cfg.Ejb3Column  - Binding column: Ejb3Column{table=org.hibernate.mapping.Table(Prestamo), mappingColumn=libro, insertable=true, updatable=true, unique=false}
2802 [Test worker] DEBUG org.hibernate.cfg.Ejb3Column  - Binding column: Ejb3Column{table=org.hibernate.mapping.Table(Prestamo), mappingColumn=libro, insertable=true, updatable=true, unique=false}
2802 [Test worker] DEBUG org.hibernate.cfg.annotations.PropertyBinder  - Building property libro
2802 [Test worker] DEBUG org.hibernate.cfg.annotations.PropertyBinder  - Building property libro
2802 [Test worker] DEBUG org.hibernate.cfg.Ejb3Column  - Binding column: Ejb3Column{table=org.hibernate.mapping.Table(Prestamo), mappingColumn=nombreUsuario, insertable=true, updatable=true, unique=false}
2802 [Test worker] DEBUG org.hibernate.cfg.Ejb3Column  - Binding column: Ejb3Column{table=org.hibernate.mapping.Table(Prestamo), mappingColumn=nombreUsuario, insertable=true, updatable=true, unique=false}
2802 [Test worker] DEBUG org.hibernate.cfg.annotations.PropertyBinder  - MetadataSourceProcessor property nombreUsuario with lazy=false
2802 [Test worker] DEBUG org.hibernate.cfg.annotations.PropertyBinder  - MetadataSourceProcessor property nombreUsuario with lazy=false
2802 [Test worker] DEBUG org.hibernate.cfg.AbstractPropertyHolder  - Attempting to locate auto-apply AttributeConverter for property [persistencia.entitad.PrestamoEntity:nombreUsuario]
2802 [Test worker] DEBUG org.hibernate.cfg.AbstractPropertyHolder  - Attempting to locate auto-apply AttributeConverter for property [persistencia.entitad.PrestamoEntity:nombreUsuario]
2802 [Test worker] DEBUG org.hibernate.cfg.annotations.SimpleValueBinder  - building SimpleValue for nombreUsuario
2802 [Test worker] DEBUG org.hibernate.cfg.annotations.SimpleValueBinder  - building SimpleValue for nombreUsuario
2802 [Test worker] DEBUG org.hibernate.cfg.annotations.PropertyBinder  - Building property nombreUsuario
2802 [Test worker] DEBUG org.hibernate.cfg.annotations.PropertyBinder  - Building property nombreUsuario
2802 [Test worker] DEBUG org.hibernate.cfg.annotations.SimpleValueBinder  - Starting fillSimpleValue for id
2802 [Test worker] DEBUG org.hibernate.cfg.annotations.SimpleValueBinder  - Starting fillSimpleValue for id
2802 [Test worker] DEBUG org.hibernate.cfg.annotations.SimpleValueBinder  - Starting fillSimpleValue for anio
2802 [Test worker] DEBUG org.hibernate.cfg.annotations.SimpleValueBinder  - Starting fillSimpleValue for anio
2802 [Test worker] DEBUG org.hibernate.cfg.annotations.SimpleValueBinder  - Starting fillSimpleValue for isbn
2802 [Test worker] DEBUG org.hibernate.cfg.annotations.SimpleValueBinder  - Starting fillSimpleValue for isbn
2802 [Test worker] DEBUG org.hibernate.cfg.annotations.SimpleValueBinder  - Starting fillSimpleValue for titulo
2802 [Test worker] DEBUG org.hibernate.cfg.annotations.SimpleValueBinder  - Starting fillSimpleValue for titulo
2802 [Test worker] DEBUG org.hibernate.cfg.annotations.SimpleValueBinder  - Starting fillSimpleValue for id
2802 [Test worker] DEBUG org.hibernate.cfg.annotations.SimpleValueBinder  - Starting fillSimpleValue for id
2802 [Test worker] DEBUG org.hibernate.cfg.annotations.SimpleValueBinder  - Starting fillSimpleValue for fechaEntregaMaxima
2802 [Test worker] DEBUG org.hibernate.cfg.annotations.SimpleValueBinder  - Starting fillSimpleValue for fechaEntregaMaxima
2802 [Test worker] DEBUG org.hibernate.cfg.annotations.SimpleValueBinder  - Starting fillSimpleValue for fechaSolicitud
2802 [Test worker] DEBUG org.hibernate.cfg.annotations.SimpleValueBinder  - Starting fillSimpleValue for fechaSolicitud
2802 [Test worker] DEBUG org.hibernate.cfg.annotations.SimpleValueBinder  - Starting fillSimpleValue for nombreUsuario
2802 [Test worker] DEBUG org.hibernate.cfg.annotations.SimpleValueBinder  - Starting fillSimpleValue for nombreUsuario
2802 [Test worker] DEBUG org.hibernate.mapping.PrimaryKey  - Forcing column [id] to be non-null as it is part of the primary key for table [libro]
2802 [Test worker] DEBUG org.hibernate.mapping.PrimaryKey  - Forcing column [id] to be non-null as it is part of the primary key for table [libro]
2802 [Test worker] DEBUG org.hibernate.mapping.PrimaryKey  - Forcing column [id] to be non-null as it is part of the primary key for table [prestamo]
2802 [Test worker] DEBUG org.hibernate.mapping.PrimaryKey  - Forcing column [id] to be non-null as it is part of the primary key for table [prestamo]
2802 [Test worker] DEBUG org.hibernate.boot.internal.InFlightMetadataCollectorImpl  - Resolving reference to class: persistencia.entitad.LibroEntity
2802 [Test worker] DEBUG org.hibernate.boot.internal.InFlightMetadataCollectorImpl  - Resolving reference to class: persistencia.entitad.LibroEntity
2802 [Test worker] DEBUG org.hibernate.boot.internal.InFlightMetadataCollectorImpl  - Resolving reference to class: persistencia.entitad.LibroEntity
2802 [Test worker] DEBUG org.hibernate.boot.internal.InFlightMetadataCollectorImpl  - Resolving reference to class: persistencia.entitad.LibroEntity
2802 [Test worker] DEBUG org.hibernate.internal.SessionFactoryImpl  - Building session factory
2802 [Test worker] DEBUG org.hibernate.internal.SessionFactoryImpl  - Building session factory
2802 [Test worker] DEBUG org.hibernate.cfg.Settings  - SessionFactory name : null
2802 [Test worker] DEBUG org.hibernate.cfg.Settings  - SessionFactory name : null
2802 [Test worker] DEBUG org.hibernate.cfg.Settings  - Automatic flush during beforeCompletion(): enabled
2802 [Test worker] DEBUG org.hibernate.cfg.Settings  - Automatic flush during beforeCompletion(): enabled
2802 [Test worker] DEBUG org.hibernate.cfg.Settings  - Automatic session close at end of transaction: disabled
2802 [Test worker] DEBUG org.hibernate.cfg.Settings  - Automatic session close at end of transaction: disabled
2802 [Test worker] DEBUG org.hibernate.cfg.Settings  - Statistics: disabled
2802 [Test worker] DEBUG org.hibernate.cfg.Settings  - Statistics: disabled
2802 [Test worker] DEBUG org.hibernate.cfg.Settings  - Deleted entity synthetic identifier rollback: disabled
2802 [Test worker] DEBUG org.hibernate.cfg.Settings  - Deleted entity synthetic identifier rollback: disabled
2802 [Test worker] DEBUG org.hibernate.cfg.Settings  - Default entity-mode: pojo
2802 [Test worker] DEBUG org.hibernate.cfg.Settings  - Default entity-mode: pojo
2802 [Test worker] DEBUG org.hibernate.cfg.Settings  - Check Nullability in Core (should be disabled when Bean Validation is on): enabled
2802 [Test worker] DEBUG org.hibernate.cfg.Settings  - Check Nullability in Core (should be disabled when Bean Validation is on): enabled
2802 [Test worker] DEBUG org.hibernate.cfg.Settings  - Allow initialization of lazy state outside session : disabled
2802 [Test worker] DEBUG org.hibernate.cfg.Settings  - Allow initialization of lazy state outside session : disabled
2802 [Test worker] DEBUG org.hibernate.cfg.Settings  - Using BatchFetchStyle : LEGACY
2802 [Test worker] DEBUG org.hibernate.cfg.Settings  - Using BatchFetchStyle : LEGACY
2802 [Test worker] DEBUG org.hibernate.cfg.Settings  - Default batch fetch size: -1
2802 [Test worker] DEBUG org.hibernate.cfg.Settings  - Default batch fetch size: -1
2802 [Test worker] DEBUG org.hibernate.cfg.Settings  - Maximum outer join fetch depth: null
2802 [Test worker] DEBUG org.hibernate.cfg.Settings  - Maximum outer join fetch depth: null
2802 [Test worker] DEBUG org.hibernate.cfg.Settings  - Default null ordering: NONE
2802 [Test worker] DEBUG org.hibernate.cfg.Settings  - Default null ordering: NONE
2802 [Test worker] DEBUG org.hibernate.cfg.Settings  - Order SQL updates by primary key: disabled
2802 [Test worker] DEBUG org.hibernate.cfg.Settings  - Order SQL updates by primary key: disabled
2802 [Test worker] DEBUG org.hibernate.cfg.Settings  - Order SQL inserts for batching: disabled
2802 [Test worker] DEBUG org.hibernate.cfg.Settings  - Order SQL inserts for batching: disabled
2802 [Test worker] DEBUG org.hibernate.cfg.Settings  - multi-tenancy strategy : NONE
2802 [Test worker] DEBUG org.hibernate.cfg.Settings  - multi-tenancy strategy : NONE
2802 [Test worker] DEBUG org.hibernate.cfg.Settings  - JTA Track by Thread: enabled
2802 [Test worker] DEBUG org.hibernate.cfg.Settings  - JTA Track by Thread: enabled
2802 [Test worker] DEBUG org.hibernate.cfg.Settings  - Query language substitutions: {}
2802 [Test worker] DEBUG org.hibernate.cfg.Settings  - Query language substitutions: {}
2802 [Test worker] DEBUG org.hibernate.cfg.Settings  - JPA query language strict compliance: disabled
2802 [Test worker] DEBUG org.hibernate.cfg.Settings  - JPA query language strict compliance: disabled
2802 [Test worker] DEBUG org.hibernate.cfg.Settings  - Named query checking : enabled
2802 [Test worker] DEBUG org.hibernate.cfg.Settings  - Named query checking : enabled
2802 [Test worker] DEBUG org.hibernate.cfg.Settings  - Second-level cache: enabled
2802 [Test worker] DEBUG org.hibernate.cfg.Settings  - Second-level cache: enabled
2802 [Test worker] DEBUG org.hibernate.cfg.Settings  - Second-level query cache: disabled
2802 [Test worker] DEBUG org.hibernate.cfg.Settings  - Second-level query cache: disabled
2802 [Test worker] DEBUG org.hibernate.cfg.Settings  - Second-level query cache factory: org.hibernate.cache.internal.StandardQueryCacheFactory@51001274
2802 [Test worker] DEBUG org.hibernate.cfg.Settings  - Second-level query cache factory: org.hibernate.cache.internal.StandardQueryCacheFactory@51001274
2802 [Test worker] DEBUG org.hibernate.cfg.Settings  - Second-level cache region prefix: null
2802 [Test worker] DEBUG org.hibernate.cfg.Settings  - Second-level cache region prefix: null
2802 [Test worker] DEBUG org.hibernate.cfg.Settings  - Optimize second-level cache for minimal puts: disabled
2802 [Test worker] DEBUG org.hibernate.cfg.Settings  - Optimize second-level cache for minimal puts: disabled
2802 [Test worker] DEBUG org.hibernate.cfg.Settings  - Structured second-level cache entries: disabled
2802 [Test worker] DEBUG org.hibernate.cfg.Settings  - Structured second-level cache entries: disabled
2802 [Test worker] DEBUG org.hibernate.cfg.Settings  - Second-level cache direct-reference entries: disabled
2802 [Test worker] DEBUG org.hibernate.cfg.Settings  - Second-level cache direct-reference entries: disabled
2802 [Test worker] DEBUG org.hibernate.cfg.Settings  - Automatic eviction of collection cache: disabled
2802 [Test worker] DEBUG org.hibernate.cfg.Settings  - Automatic eviction of collection cache: disabled
2802 [Test worker] DEBUG org.hibernate.cfg.Settings  - JDBC batch size: 15
2802 [Test worker] DEBUG org.hibernate.cfg.Settings  - JDBC batch size: 15
2802 [Test worker] DEBUG org.hibernate.cfg.Settings  - JDBC batch updates for versioned data: enabled
2802 [Test worker] DEBUG org.hibernate.cfg.Settings  - JDBC batch updates for versioned data: enabled
2802 [Test worker] DEBUG org.hibernate.cfg.Settings  - Scrollable result sets: enabled
2802 [Test worker] DEBUG org.hibernate.cfg.Settings  - Scrollable result sets: enabled
2802 [Test worker] DEBUG org.hibernate.cfg.Settings  - Wrap result sets: disabled
2802 [Test worker] DEBUG org.hibernate.cfg.Settings  - Wrap result sets: disabled
2802 [Test worker] DEBUG org.hibernate.cfg.Settings  - JDBC3 getGeneratedKeys(): enabled
2802 [Test worker] DEBUG org.hibernate.cfg.Settings  - JDBC3 getGeneratedKeys(): enabled
2802 [Test worker] DEBUG org.hibernate.cfg.Settings  - JDBC result set fetch size: null
2802 [Test worker] DEBUG org.hibernate.cfg.Settings  - JDBC result set fetch size: null
2802 [Test worker] DEBUG org.hibernate.cfg.Settings  - Connection release mode: AFTER_TRANSACTION
2802 [Test worker] DEBUG org.hibernate.cfg.Settings  - Connection release mode: AFTER_TRANSACTION
2802 [Test worker] DEBUG org.hibernate.cfg.Settings  - Generate SQL with comments: disabled
2802 [Test worker] DEBUG org.hibernate.cfg.Settings  - Generate SQL with comments: disabled
2802 [Test worker] DEBUG org.hibernate.internal.SessionFactoryImpl  - Session factory constructed with filter configurations : {}
2802 [Test worker] DEBUG org.hibernate.internal.SessionFactoryImpl  - Session factory constructed with filter configurations : {}
2802 [Test worker] DEBUG org.hibernate.internal.SessionFactoryImpl  - Instantiating session factory with properties: {sun.desktop=windows, awt.toolkit=sun.awt.windows.WToolkit, file.encoding.pkg=sun.io, java.specification.version=1.8, sun.cpu.isalist=amd64, sun.jnu.encoding=Cp1252, hibernate.dialect=org.hibernate.dialect.H2Dialect, org.gradle.test.worker=1, java.class.path=D:\workspaces\examen-ingreso\biblioteca\build\classes\test;D:\workspaces\examen-ingreso\biblioteca\build\resources\test;D:\workspaces\examen-ingreso\biblioteca\build\classes\main;D:\workspaces\examen-ingreso\biblioteca\build\resources\main;C:\Users\andres.carrasquilla\.gradle\caches\modules-2\files-2.1\log4j\log4j\1.2.17\5af35056b4d257e4b64b9e8069c0746e8b08629f\log4j-1.2.17.jar;C:\Users\andres.carrasquilla\.gradle\caches\modules-2\files-2.1\com.h2database\h2\1.4.194\a180e95af52ad8116d52beb5f1d28596dcafa9d8\h2-1.4.194.jar;C:\Users\andres.carrasquilla\.gradle\caches\modules-2\files-2.1\org.hibernate\hibernate-core\5.2.9.Final\284e5c769bbcc3fe1d4961f163b7360e6b4e2422\hibernate-core-5.2.9.Final.jar;C:\Users\andres.carrasquilla\.gradle\caches\modules-2\files-2.1\org.springframework.boot\spring-boot-starter-web\1.5.7.RELEASE\a862305be8b7512a41f6768d825ed37251ccbbe0\spring-boot-starter-web-1.5.7.RELEASE.jar;C:\Users\andres.carrasquilla\.gradle\caches\modules-2\files-2.1\org.springframework.data\spring-data-jpa\1.11.7.RELEASE\587051cc7d7a3ddfac6098d623a658abb2f15865\spring-data-jpa-1.11.7.RELEASE.jar;C:\Users\andres.carrasquilla\.gradle\caches\modules-2\files-2.1\org.springframework.boot\spring-boot-starter-data-jpa\1.5.7.RELEASE\ccdf14487724b7c1343e5d2605f7170c026e405\spring-boot-starter-data-jpa-1.5.7.RELEASE.jar;C:\Users\andres.carrasquilla\.gradle\caches\modules-2\files-2.1\junit\junit\4.12\2973d150c0dc1fefe998f834810d68f278ea58ec\junit-4.12.jar;C:\Users\andres.carrasquilla\.gradle\caches\modules-2\files-2.1\org.mockito\mockito-all\1.10.19\539df70269cc254a58cccc5d8e43286b4a73bf30\mockito-all-1.10.19.jar;C:\Users\andres.carrasquilla\.gradle\caches\modules-2\files-2.1\org.springframework.boot\spring-boot-starter-test\1.5.7.RELEASE\d23f37a72c2d4e46aba66bc69a649213f9cadeee\spring-boot-starter-test-1.5.7.RELEASE.jar;C:\Users\andres.carrasquilla\.gradle\caches\modules-2\files-2.1\org.jboss.logging\jboss-logging\3.3.1.Final\c46217ab74b532568c0ed31dc599db3048bd1b67\jboss-logging-3.3.1.Final.jar;C:\Users\andres.carrasquilla\.gradle\caches\modules-2\files-2.1\org.hibernate.javax.persistence\hibernate-jpa-2.1-api\1.0.0.Final\5e731d961297e5a07290bfaf3db1fbc8bbbf405a\hibernate-jpa-2.1-api-1.0.0.Final.jar;C:\Users\andres.carrasquilla\.gradle\caches\modules-2\files-2.1\org.javassist\javassist\3.21.0-GA\598244f595db5c5fb713731eddbb1c91a58d959b\javassist-3.21.0-GA.jar;C:\Users\andres.carrasquilla\.gradle\caches\modules-2\files-2.1\antlr\antlr\2.7.7\83cd2cd674a217ade95a4bb83a8a14f351f48bd0\antlr-2.7.7.jar;C:\Users\andres.carrasquilla\.gradle\caches\modules-2\files-2.1\org.jboss.spec.javax.transaction\jboss-transaction-api_1.2_spec\1.0.1.Final\4441f144a2a1f46ed48fcc6b476a4b6295e6d524\jboss-transaction-api_1.2_spec-1.0.1.Final.jar;C:\Users\andres.carrasquilla\.gradle\caches\modules-2\files-2.1\org.jboss\jandex\2.0.3.Final\bfc4d6257dbff7a33a357f0de116be6ff951d849\jandex-2.0.3.Final.jar;C:\Users\andres.carrasquilla\.gradle\caches\modules-2\files-2.1\com.fasterxml\classmate\1.3.4\3d5f48f10bbe4eb7bd862f10c0583be2e0053c6\classmate-1.3.4.jar;C:\Users\andres.carrasquilla\.gradle\caches\modules-2\files-2.1\dom4j\dom4j\1.6.1\5d3ccc056b6f056dbf0dddfdf43894b9065a8f94\dom4j-1.6.1.jar;C:\Users\andres.carrasquilla\.gradle\caches\modules-2\files-2.1\org.hibernate.common\hibernate-commons-annotations\5.0.1.Final\71e1cff3fcb20d3b3af4f3363c3ddb24d33c6879\hibernate-commons-annotations-5.0.1.Final.jar;C:\Users\andres.carrasquilla\.gradle\caches\modules-2\files-2.1\org.springframework.boot\spring-boot-starter\1.5.7.RELEASE\b42fe6962dd8b3be4ac8c1d7134d0ca2d0a35c7e\spring-boot-starter-1.5.7.RELEASE.jar;C:\Users\andres.carrasquilla\.gradle\caches\modules-2\files-2.1\org.springframework.boot\spring-boot-starter-tomcat\1.5.7.RELEASE\eae533e2a0111a51d812912acb3d3e2368736d1b\spring-boot-starter-tomcat-1.5.7.RELEASE.jar;C:\Users\andres.carrasquilla\.gradle\caches\modules-2\files-2.1\org.hibernate\hibernate-validator\5.3.5.Final\622a9bcef2eed6d41b5b8e0662c36212009e375\hibernate-validator-5.3.5.Final.jar;C:\Users\andres.carrasquilla\.gradle\caches\modules-2\files-2.1\com.fasterxml.jackson.core\jackson-databind\2.8.10\f7b83cb2bc4b88d53961e749e1ad32f49ef017b7\jackson-databind-2.8.10.jar;C:\Users\andres.carrasquilla\.gradle\caches\modules-2\files-2.1\org.springframework\spring-web\4.3.11.RELEASE\50a3dfce550bdf9459dfb2c6282aa104b040258e\spring-web-4.3.11.RELEASE.jar;C:\Users\andres.carrasquilla\.gradle\caches\modules-2\files-2.1\org.springframework\spring-webmvc\4.3.11.RELEASE\814f91ec4dc324e724bbe7cbc5045b234604c539\spring-webmvc-4.3.11.RELEASE.jar;C:\Users\andres.carrasquilla\.gradle\caches\modules-2\files-2.1\org.springframework.data\spring-data-commons\1.13.7.RELEASE\cf4538abda1f0a9cf2323d6e4204df0130aeec73\spring-data-commons-1.13.7.RELEASE.jar;C:\Users\andres.carrasquilla\.gradle\caches\modules-2\files-2.1\org.springframework\spring-orm\4.3.11.RELEASE\7ba1b25ad62b29295aa90ae88f9f35e84861953c\spring-orm-4.3.11.RELEASE.jar;C:\Users\andres.carrasquilla\.gradle\caches\modules-2\files-2.1\org.springframework\spring-context\4.3.11.RELEASE\3efec2d7c7469d49108a2b21c3f15831f7297569\spring-context-4.3.11.RELEASE.jar;C:\Users\andres.carrasquilla\.gradle\caches\modules-2\files-2.1\org.springframework\spring-aop\4.3.11.RELEASE\461d0bb58f1de30203d9331adf4b51de9554de5a\spring-aop-4.3.11.RELEASE.jar;C:\Users\andres.carrasquilla\.gradle\caches\modules-2\files-2.1\org.springframework\spring-tx\4.3.11.RELEASE\c931ee363d2269f03edfeb83d7d7fe23924ab8a1\spring-tx-4.3.11.RELEASE.jar;C:\Users\andres.carrasquilla\.gradle\caches\modules-2\files-2.1\org.springframework\spring-beans\4.3.11.RELEASE\591cc35fd39292adae13f01aa13e978d0bb11936\spring-beans-4.3.11.RELEASE.jar;C:\Users\andres.carrasquilla\.gradle\caches\modules-2\files-2.1\org.springframework\spring-core\4.3.11.RELEASE\eb30ed093f628279d3aead068fd478fa343f1dad\spring-core-4.3.11.RELEASE.jar;C:\Users\andres.carrasquilla\.gradle\caches\modules-2\files-2.1\org.aspectj\aspectjrt\1.8.10\1a14fe9e912f6e8bdbb5429b78b4090d8b47bc1\aspectjrt-1.8.10.jar;C:\Users\andres.carrasquilla\.gradle\caches\modules-2\files-2.1\org.slf4j\slf4j-api\1.7.25\da76ca59f6a57ee3102f8f9bd9cee742973efa8a\slf4j-api-1.7.25.jar;C:\Users\andres.carrasquilla\.gradle\caches\modules-2\files-2.1\org.slf4j\jcl-over-slf4j\1.7.25\f8c32b13ff142a513eeb5b6330b1588dcb2c0461\jcl-over-slf4j-1.7.25.jar;C:\Users\andres.carrasquilla\.gradle\caches\modules-2\files-2.1\org.springframework.boot\spring-boot-starter-aop\1.5.7.RELEASE\189098a72ccc0cca07ea42d6715c10524b5a93d1\spring-boot-starter-aop-1.5.7.RELEASE.jar;C:\Users\andres.carrasquilla\.gradle\caches\modules-2\files-2.1\org.springframework.boot\spring-boot-starter-jdbc\1.5.7.RELEASE\98c652a5461ccbec70b55fd0f7815d9c9a37a082\spring-boot-starter-jdbc-1.5.7.RELEASE.jar;C:\Users\andres.carrasquilla\.gradle\caches\modules-2\files-2.1\org.hibernate\hibernate-entitymanager\5.0.12.Final\302a526f5058290e9cbd719a5caf9f248d344719\hibernate-entitymanager-5.0.12.Final.jar;C:\Users\andres.carrasquilla\.gradle\caches\modules-2\files-2.1\javax.transaction\javax.transaction-api\1.2\d81aff979d603edd90dcd8db2abc1f4ce6479e3e\javax.transaction-api-1.2.jar;C:\Users\andres.carrasquilla\.gradle\caches\modules-2\files-2.1\org.springframework\spring-aspects\4.3.11.RELEASE\38ab744d37aef58762a03dbe7ab1479070ebadc6\spring-aspects-4.3.11.RELEASE.jar;C:\Users\andres.carrasquilla\.gradle\caches\modules-2\files-2.1\org.hamcrest\ha
[...]
2964 [Test worker] DEBUG org.hibernate.loader.Loader  - Result row: EntityKey[persistencia.entitad.LibroEntity#1]
2964 [Test worker] DEBUG org.hibernate.event.internal.AbstractFlushingEventListener  - Processing flush-time cascades
2964 [Test worker] DEBUG org.hibernate.event.internal.AbstractFlushingEventListener  - Processing flush-time cascades
2964 [Test worker] DEBUG org.hibernate.event.internal.AbstractFlushingEventListener  - Dirty checking collections
2964 [Test worker] DEBUG org.hibernate.event.internal.AbstractFlushingEventListener  - Dirty checking collections
2964 [Test worker] DEBUG org.hibernate.event.internal.AbstractFlushingEventListener  - Flushed: 0 insertions, 0 updates, 0 deletions to 1 objects
2964 [Test worker] DEBUG org.hibernate.event.internal.AbstractFlushingEventListener  - Flushed: 0 insertions, 0 updates, 0 deletions to 1 objects
2964 [Test worker] DEBUG org.hibernate.event.internal.AbstractFlushingEventListener  - Flushed: 0 (re)creations, 0 updates, 0 removals to 0 collections
2964 [Test worker] DEBUG org.hibernate.event.internal.AbstractFlushingEventListener  - Flushed: 0 (re)creations, 0 updates, 0 removals to 0 collections
2964 [Test worker] DEBUG org.hibernate.internal.util.EntityPrinter  - Listing entities:
2964 [Test worker] DEBUG org.hibernate.internal.util.EntityPrinter  - Listing entities:
2964 [Test worker] DEBUG org.hibernate.internal.util.EntityPrinter  - persistencia.entitad.LibroEntity{isbn=1234, titulo=Cronica de una muerta anunciada, id=1, anio=2010}
2964 [Test worker] DEBUG org.hibernate.internal.util.EntityPrinter  - persistencia.entitad.LibroEntity{isbn=1234, titulo=Cronica de una muerta anunciada, id=1, anio=2010}
2964 [Test worker] DEBUG org.hibernate.SQL  - select prestamoen0_.id as id1_1_, prestamoen0_.fechaEntregaMaxima as fechaEnt2_1_, prestamoen0_.fechaSolicitud as fechaSol3_1_, prestamoen0_.ID_LIBRO as ID_LIBRO5_1_, prestamoen0_.nombreUsuario as nombreUs4_1_ from Prestamo prestamoen0_ cross join Libro libroentit1_ where prestamoen0_.ID_LIBRO=libroentit1_.id and libroentit1_.isbn=?
2964 [Test worker] DEBUG org.hibernate.SQL  - select prestamoen0_.id as id1_1_, prestamoen0_.fechaEntregaMaxima as fechaEnt2_1_, prestamoen0_.fechaSolicitud as fechaSol3_1_, prestamoen0_.ID_LIBRO as ID_LIBRO5_1_, prestamoen0_.nombreUsuario as nombreUs4_1_ from Prestamo prestamoen0_ cross join Libro libroentit1_ where prestamoen0_.ID_LIBRO=libroentit1_.id and libroentit1_.isbn=?
Hibernate: select prestamoen0_.id as id1_1_, prestamoen0_.fechaEntregaMaxima as fechaEnt2_1_, prestamoen0_.fechaSolicitud as fechaSol3_1_, prestamoen0_.ID_LIBRO as ID_LIBRO5_1_, prestamoen0_.nombreUsuario as nombreUs4_1_ from Prestamo prestamoen0_ cross join Libro libroentit1_ where prestamoen0_.ID_LIBRO=libroentit1_.id and libroentit1_.isbn=?
2979 [Test worker] DEBUG org.hibernate.event.internal.AbstractFlushingEventListener  - Processing flush-time cascades
2979 [Test worker] DEBUG org.hibernate.event.internal.AbstractFlushingEventListener  - Processing flush-time cascades
2979 [Test worker] DEBUG org.hibernate.event.internal.AbstractFlushingEventListener  - Dirty checking collections
2979 [Test worker] DEBUG org.hibernate.event.internal.AbstractFlushingEventListener  - Dirty checking collections
2979 [Test worker] DEBUG org.hibernate.event.internal.AbstractFlushingEventListener  - Flushed: 0 insertions, 0 updates, 0 deletions to 1 objects
2979 [Test worker] DEBUG org.hibernate.event.internal.AbstractFlushingEventListener  - Flushed: 0 insertions, 0 updates, 0 deletions to 1 objects
2979 [Test worker] DEBUG org.hibernate.event.internal.AbstractFlushingEventListener  - Flushed: 0 (re)creations, 0 updates, 0 removals to 0 collections
2979 [Test worker] DEBUG org.hibernate.event.internal.AbstractFlushingEventListener  - Flushed: 0 (re)creations, 0 updates, 0 removals to 0 collections
2979 [Test worker] DEBUG org.hibernate.internal.util.EntityPrinter  - Listing entities:
2979 [Test worker] DEBUG org.hibernate.internal.util.EntityPrinter  - Listing entities:
2979 [Test worker] DEBUG org.hibernate.internal.util.EntityPrinter  - persistencia.entitad.LibroEntity{isbn=1234, titulo=Cronica de una muerta anunciada, id=1, anio=2010}
2979 [Test worker] DEBUG org.hibernate.internal.util.EntityPrinter  - persistencia.entitad.LibroEntity{isbn=1234, titulo=Cronica de una muerta anunciada, id=1, anio=2010}
2979 [Test worker] DEBUG org.hibernate.SQL  - select prestamoen0_.id as id1_1_, prestamoen0_.fechaEntregaMaxima as fechaEnt2_1_, prestamoen0_.fechaSolicitud as fechaSol3_1_, prestamoen0_.ID_LIBRO as ID_LIBRO5_1_, prestamoen0_.nombreUsuario as nombreUs4_1_ from Prestamo prestamoen0_ cross join Libro libroentit1_ where prestamoen0_.ID_LIBRO=libroentit1_.id and libroentit1_.isbn=?
2979 [Test worker] DEBUG org.hibernate.SQL  - select prestamoen0_.id as id1_1_, prestamoen0_.fechaEntregaMaxima as fechaEnt2_1_, prestamoen0_.fechaSolicitud as fechaSol3_1_, prestamoen0_.ID_LIBRO as ID_LIBRO5_1_, prestamoen0_.nombreUsuario as nombreUs4_1_ from Prestamo prestamoen0_ cross join Libro libroentit1_ where prestamoen0_.ID_LIBRO=libroentit1_.id and libroentit1_.isbn=?
Hibernate: select prestamoen0_.id as id1_1_, prestamoen0_.fechaEntregaMaxima as fechaEnt2_1_, prestamoen0_.fechaSolicitud as fechaSol3_1_, prestamoen0_.ID_LIBRO as ID_LIBRO5_1_, prestamoen0_.nombreUsuario as nombreUs4_1_ from Prestamo prestamoen0_ cross join Libro libroentit1_ where prestamoen0_.ID_LIBRO=libroentit1_.id and libroentit1_.isbn=?
2979 [Test worker] DEBUG org.hibernate.event.internal.AbstractFlushingEventListener  - Processing flush-time cascades
2979 [Test worker] DEBUG org.hibernate.event.internal.AbstractFlushingEventListener  - Processing flush-time cascades
2979 [Test worker] DEBUG org.hibernate.event.internal.AbstractFlushingEventListener  - Dirty checking collections
2979 [Test worker] DEBUG org.hibernate.event.internal.AbstractFlushingEventListener  - Dirty checking collections
2979 [Test worker] DEBUG org.hibernate.event.internal.AbstractFlushingEventListener  - Flushed: 0 insertions, 0 updates, 0 deletions to 1 objects
2979 [Test worker] DEBUG org.hibernate.event.internal.AbstractFlushingEventListener  - Flushed: 0 insertions, 0 updates, 0 deletions to 1 objects
2979 [Test worker] DEBUG org.hibernate.event.internal.AbstractFlushingEventListener  - Flushed: 0 (re)creations, 0 updates, 0 removals to 0 collections
2979 [Test worker] DEBUG org.hibernate.event.internal.AbstractFlushingEventListener  - Flushed: 0 (re)creations, 0 updates, 0 removals to 0 collections
2979 [Test worker] DEBUG org.hibernate.internal.util.EntityPrinter  - Listing entities:
2979 [Test worker] DEBUG org.hibernate.internal.util.EntityPrinter  - Listing entities:
2979 [Test worker] DEBUG org.hibernate.internal.util.EntityPrinter  - persistencia.entitad.LibroEntity{isbn=1234, titulo=Cronica de una muerta anunciada, id=1, anio=2010}
2979 [Test worker] DEBUG org.hibernate.internal.util.EntityPrinter  - persistencia.entitad.LibroEntity{isbn=1234, titulo=Cronica de una muerta anunciada, id=1, anio=2010}
2979 [Test worker] DEBUG org.hibernate.SQL  - select libroentit0_.id as id1_0_, libroentit0_.anio as anio2_0_, libroentit0_.isbn as isbn3_0_, libroentit0_.titulo as titulo4_0_ from Libro libroentit0_ where libroentit0_.isbn=?
2979 [Test worker] DEBUG org.hibernate.SQL  - select libroentit0_.id as id1_0_, libroentit0_.anio as anio2_0_, libroentit0_.isbn as isbn3_0_, libroentit0_.titulo as titulo4_0_ from Libro libroentit0_ where libroentit0_.isbn=?
Hibernate: select libroentit0_.id as id1_0_, libroentit0_.anio as anio2_0_, libroentit0_.isbn as isbn3_0_, libroentit0_.titulo as titulo4_0_ from Libro libroentit0_ where libroentit0_.isbn=?
2979 [Test worker] DEBUG org.hibernate.loader.Loader  - Result set row: 0
2979 [Test worker] DEBUG org.hibernate.loader.Loader  - Result set row: 0
2979 [Test worker] DEBUG org.hibernate.loader.Loader  - Result row: EntityKey[persistencia.entitad.LibroEntity#1]
2979 [Test worker] DEBUG org.hibernate.loader.Loader  - Result row: EntityKey[persistencia.entitad.LibroEntity#1]
2979 [Test worker] DEBUG org.hibernate.SQL  - call next value for hibernate_sequence
2979 [Test worker] DEBUG org.hibernate.SQL  - call next value for hibernate_sequence
Hibernate: call next value for hibernate_sequence
2979 [Test worker] DEBUG org.hibernate.id.enhanced.SequenceStructure  - Sequence value obtained: 2
2979 [Test worker] DEBUG org.hibernate.id.enhanced.SequenceStructure  - Sequence value obtained: 2
2979 [Test worker] DEBUG org.hibernate.resource.jdbc.internal.ResourceRegistryStandardImpl  - HHH000387: ResultSet's statement was not registered
2979 [Test worker] DEBUG org.hibernate.resource.jdbc.internal.ResourceRegistryStandardImpl  - HHH000387: ResultSet's statement was not registered
2979 [Test worker] DEBUG org.hibernate.event.internal.AbstractSaveEventListener  - Generated identifier: 2, using strategy: org.hibernate.id.enhanced.SequenceStyleGenerator
2979 [Test worker] DEBUG org.hibernate.event.internal.AbstractSaveEventListener  - Generated identifier: 2, using strategy: org.hibernate.id.enhanced.SequenceStyleGenerator
2979 [Test worker] DEBUG org.hibernate.event.internal.AbstractFlushingEventListener  - Processing flush-time cascades
2979 [Test worker] DEBUG org.hibernate.event.internal.AbstractFlushingEventListener  - Processing flush-time cascades
2979 [Test worker] DEBUG org.hibernate.event.internal.AbstractFlushingEventListener  - Dirty checking collections
2979 [Test worker] DEBUG org.hibernate.event.internal.AbstractFlushingEventListener  - Dirty checking collections
2979 [Test worker] DEBUG org.hibernate.event.internal.AbstractFlushingEventListener  - Flushed: 1 insertions, 0 updates, 0 deletions to 2 objects
2979 [Test worker] DEBUG org.hibernate.event.internal.AbstractFlushingEventListener  - Flushed: 1 insertions, 0 updates, 0 deletions to 2 objects
2979 [Test worker] DEBUG org.hibernate.event.internal.AbstractFlushingEventListener  - Flushed: 0 (re)creations, 0 updates, 0 removals to 0 collections
2979 [Test worker] DEBUG org.hibernate.event.internal.AbstractFlushingEventListener  - Flushed: 0 (re)creations, 0 updates, 0 removals to 0 collections
2979 [Test worker] DEBUG org.hibernate.internal.util.EntityPrinter  - Listing entities:
2979 [Test worker] DEBUG org.hibernate.internal.util.EntityPrinter  - Listing entities:
2979 [Test worker] DEBUG org.hibernate.internal.util.EntityPrinter  - persistencia.entitad.LibroEntity{isbn=1234, titulo=Cronica de una muerta anunciada, id=1, anio=2010}
2979 [Test worker] DEBUG org.hibernate.internal.util.EntityPrinter  - persistencia.entitad.LibroEntity{isbn=1234, titulo=Cronica de una muerta anunciada, id=1, anio=2010}
2979 [Test worker] DEBUG org.hibernate.internal.util.EntityPrinter  - persistencia.entitad.PrestamoEntity{libro=persistencia.entitad.LibroEntity#1, fechaSolicitud=Thu Sep 28 08:34:57 COT 2017, fechaEntregaMaxima=null, id=2, nombreUsuario=Nombre usuario}
2979 [Test worker] DEBUG org.hibernate.internal.util.EntityPrinter  - persistencia.entitad.PrestamoEntity{libro=persistencia.entitad.LibroEntity#1, fechaSolicitud=Thu Sep 28 08:34:57 COT 2017, fechaEntregaMaxima=null, id=2, nombreUsuario=Nombre usuario}
2979 [Test worker] DEBUG org.hibernate.engine.spi.ActionQueue  - Changes must be flushed to space: Prestamo
2979 [Test worker] DEBUG org.hibernate.engine.spi.ActionQueue  - Changes must be flushed to space: Prestamo
2979 [Test worker] DEBUG org.hibernate.SQL  - insert into Prestamo (fechaEntregaMaxima, fechaSolicitud, ID_LIBRO, nombreUsuario, id) values (?, ?, ?, ?, ?)
2979 [Test worker] DEBUG org.hibernate.SQL  - insert into Prestamo (fechaEntregaMaxima, fechaSolicitud, ID_LIBRO, nombreUsuario, id) values (?, ?, ?, ?, ?)
Hibernate: insert into Prestamo (fechaEntregaMaxima, fechaSolicitud, ID_LIBRO, nombreUsuario, id) values (?, ?, ?, ?, ?)
2979 [Test worker] DEBUG org.hibernate.SQL  - select prestamoen0_.id as id1_1_, prestamoen0_.fechaEntregaMaxima as fechaEnt2_1_, prestamoen0_.fechaSolicitud as fechaSol3_1_, prestamoen0_.ID_LIBRO as ID_LIBRO5_1_, prestamoen0_.nombreUsuario as nombreUs4_1_ from Prestamo prestamoen0_ cross join Libro libroentit1_ where prestamoen0_.ID_LIBRO=libroentit1_.id and libroentit1_.isbn=?
2979 [Test worker] DEBUG org.hibernate.SQL  - select prestamoen0_.id as id1_1_, prestamoen0_.fechaEntregaMaxima as fechaEnt2_1_, prestamoen0_.fechaSolicitud as fechaSol3_1_, prestamoen0_.ID_LIBRO as ID_LIBRO5_1_, prestamoen0_.nombreUsuario as nombreUs4_1_ from Prestamo prestamoen0_ cross join Libro libroentit1_ where prestamoen0_.ID_LIBRO=libroentit1_.id and libroentit1_.isbn=?
Hibernate: select prestamoen0_.id as id1_1_, prestamoen0_.fechaEntregaMaxima as fechaEnt2_1_, prestamoen0_.fechaSolicitud as fechaSol3_1_, prestamoen0_.ID_LIBRO as ID_LIBRO5_1_, prestamoen0_.nombreUsuario as nombreUs4_1_ from Prestamo prestamoen0_ cross join Libro libroentit1_ where prestamoen0_.ID_LIBRO=libroentit1_.id and libroentit1_.isbn=?
2979 [Test worker] DEBUG org.hibernate.loader.Loader  - Result set row: 0
2979 [Test worker] DEBUG org.hibernate.loader.Loader  - Result set row: 0
2979 [Test worker] DEBUG org.hibernate.loader.Loader  - Result row: EntityKey[persistencia.entitad.PrestamoEntity#2]
2979 [Test worker] DEBUG org.hibernate.loader.Loader  - Result row: EntityKey[persistencia.entitad.PrestamoEntity#2]
2979 [Test worker] DEBUG org.hibernate.event.internal.AbstractFlushingEventListener  - Processing flush-time cascades
2979 [Test worker] DEBUG org.hibernate.event.internal.AbstractFlushingEventListener  - Processing flush-time cascades
2979 [Test worker] DEBUG org.hibernate.event.internal.AbstractFlushingEventListener  - Dirty checking collections
2979 [Test worker] DEBUG org.hibernate.event.internal.AbstractFlushingEventListener  - Dirty checking collections
2979 [Test worker] DEBUG org.hibernate.event.internal.AbstractFlushingEventListener  - Flushed: 0 insertions, 0 updates, 0 deletions to 2 objects
2979 [Test worker] DEBUG org.hibernate.event.internal.AbstractFlushingEventListener  - Flushed: 0 insertions, 0 updates, 0 deletions to 2 objects
2979 [Test worker] DEBUG org.hibernate.event.internal.AbstractFlushingEventListener  - Flushed: 0 (re)creations, 0 updates, 0 removals to 0 collections
2979 [Test worker] DEBUG org.hibernate.event.internal.AbstractFlushingEventListener  - Flushed: 0 (re)creations, 0 updates, 0 removals to 0 collections
2979 [Test worker] DEBUG org.hibernate.internal.util.EntityPrinter  - Listing entities:
2979 [Test worker] DEBUG org.hibernate.internal.util.EntityPrinter  - Listing entities:
2979 [Test worker] DEBUG org.hibernate.internal.util.EntityPrinter  - persistencia.entitad.LibroEntity{isbn=1234, titulo=Cronica de una muerta anunciada, id=1, anio=2010}
2979 [Test worker] DEBUG org.hibernate.internal.util.EntityPrinter  - persistencia.entitad.LibroEntity{isbn=1234, titulo=Cronica de una muerta anunciada, id=1, anio=2010}
2979 [Test worker] DEBUG org.hibernate.internal.util.EntityPrinter  - persistencia.entitad.PrestamoEntity{libro=persistencia.entitad.LibroEntity#1, fechaSolicitud=Thu Sep 28 08:34:57 COT 2017, fechaEntregaMaxima=null, id=2, nombreUsuario=Nombre usuario}
2979 [Test worker] DEBUG org.hibernate.internal.util.EntityPrinter  - persistencia.entitad.PrestamoEntity{libro=persistencia.entitad.LibroEntity#1, fechaSolicitud=Thu Sep 28 08:34:57 COT 2017, fechaEntregaMaxima=null, id=2, nombreUsuario=Nombre usuario}
2979 [Test worker] DEBUG org.hibernate.SQL  - select prestamoen0_.id as id1_1_, prestamoen0_.fechaEntregaMaxima as fechaEnt2_1_, prestamoen0_.fechaSolicitud as fechaSol3_1_, prestamoen0_.ID_LIBRO as ID_LIBRO5_1_, prestamoen0_.nombreUsuario as nombreUs4_1_ from Prestamo prestamoen0_ cross join Libro libroentit1_ where prestamoen0_.ID_LIBRO=libroentit1_.id and libroentit1_.isbn=?
2979 [Test worker] DEBUG org.hibernate.SQL  - select prestamoen0_.id as id1_1_, prestamoen0_.fechaEntregaMaxima as fechaEnt2_1_, prestamoen0_.fechaSolicitud as fechaSol3_1_, prestamoen0_.ID_LIBRO as ID_LIBRO5_1_, prestamoen0_.nombreUsuario as nombreUs4_1_ from Prestamo prestamoen0_ cross join Libro libroentit1_ where prestamoen0_.ID_LIBRO=libroentit1_.id and libroentit1_.isbn=?
Hibernate: select prestamoen0_.id as id1_1_, prestamoen0_.fechaEntregaMaxima as fechaEnt2_1_, prestamoen0_.fechaSolicitud as fechaSol3_1_, prestamoen0_.ID_LIBRO as ID_LIBRO5_1_, prestamoen0_.nombreUsuario as nombreUs4_1_ from Prestamo prestamoen0_ cross join Libro libroentit1_ where prestamoen0_.ID_LIBRO=libroentit1_.id and libroentit1_.isbn=?
2979 [Test worker] DEBUG org.hibernate.loader.Loader  - Result set row: 0
2979 [Test worker] DEBUG org.hibernate.loader.Loader  - Result set row: 0
2979 [Test worker] DEBUG org.hibernate.loader.Loader  - Result row: EntityKey[persistencia.entitad.PrestamoEntity#2]
2979 [Test worker] DEBUG org.hibernate.loader.Loader  - Result row: EntityKey[persistencia.entitad.PrestamoEntity#2]
2979 [Test worker] DEBUG org.hibernate.engine.transaction.internal.TransactionImpl  - committing
2979 [Test worker] DEBUG org.hibernate.engine.transaction.internal.TransactionImpl  - committing
2979 [Test worker] DEBUG org.hibernate.event.internal.AbstractFlushingEventListener  - Processing flush-time cascades
2979 [Test worker] DEBUG org.hibernate.event.internal.AbstractFlushingEventListener  - Processing flush-time cascades
2979 [Test worker] DEBUG org.hibernate.event.internal.AbstractFlushingEventListener  - Dirty checking collections
2979 [Test worker] DEBUG org.hibernate.event.internal.AbstractFlushingEventListener  - Dirty checking collections
2979 [Test worker] DEBUG org.hibernate.event.internal.AbstractFlushingEventListener  - Flushed: 0 insertions, 0 updates, 0 deletions to 2 objects
2979 [Test worker] DEBUG org.hibernate.event.internal.AbstractFlushingEventListener  - Flushed: 0 insertions, 0 updates, 0 deletions to 2 objects
2979 [Test worker] DEBUG org.hibernate.event.internal.AbstractFlushingEventListener  - Flushed: 0 (re)creations, 0 updates, 0 removals to 0 collections
2979 [Test worker] DEBUG org.hibernate.event.internal.AbstractFlushingEventListener  - Flushed: 0 (re)creations, 0 updates, 0 removals to 0 collections
2979 [Test worker] DEBUG org.hibernate.internal.util.EntityPrinter  - Listing entities:
2979 [Test worker] DEBUG org.hibernate.internal.util.EntityPrinter  - Listing entities:
2979 [Test worker] DEBUG org.hibernate.internal.util.EntityPrinter  - persistencia.entitad.LibroEntity{isbn=1234, titulo=Cronica de una muerta anunciada, id=1, anio=2010}
2979 [Test worker] DEBUG org.hibernate.internal.util.EntityPrinter  - persistencia.entitad.LibroEntity{isbn=1234, titulo=Cronica de una muerta anunciada, id=1, anio=2010}
2979 [Test worker] DEBUG org.hibernate.internal.util.EntityPrinter  - persistencia.entitad.PrestamoEntity{libro=persistencia.entitad.LibroEntity#1, fechaSolicitud=Thu Sep 28 08:34:57 COT 2017, fechaEntregaMaxima=null, id=2, nombreUsuario=Nombre usuario}
2979 [Test worker] DEBUG org.hibernate.internal.util.EntityPrinter  - persistencia.entitad.PrestamoEntity{libro=persistencia.entitad.LibroEntity#1, fechaSolicitud=Thu Sep 28 08:34:57 COT 2017, fechaEntregaMaxima=null, id=2, nombreUsuario=Nombre usuario}
2979 [Test worker] DEBUG org.hibernate.resource.jdbc.internal.LogicalConnectionManagedImpl  - Initiating JDBC connection release from afterTransaction
2979 [Test worker] DEBUG org.hibernate.resource.jdbc.internal.LogicalConnectionManagedImpl  - Initiating JDBC connection release from afterTransaction
2979 [Test worker] DEBUG org.hibernate.resource.jdbc.internal.LogicalConnectionManagedImpl  - Initiating JDBC connection release from afterTransaction
2979 [Test worker] DEBUG org.hibernate.resource.jdbc.internal.LogicalConnectionManagedImpl  - Initiating JDBC connection release from afterTransaction
]]></system-out>
  <system-err><![CDATA[]]></system-err>
</testsuite>
